{"meta": {"format": 3, "version": "7.14.1", "timestamp": "2026-06-17T04:35:38.046783", "branch_coverage": false, "show_contexts": false}, "files": {"app01/__init__.py": {"executed_lines": [], "summary": {"covered_lines": 0, "num_statements": 0, "percent_covered": 100.0, "percent_covered_display": "100", "missing_lines": 0, "excluded_lines": 0, "percent_statements_covered": 100.0, "percent_statements_covered_display": "100"}, "missing_lines": [], "excluded_lines": [], "functions": {"": {"executed_lines": [], "summary": {"covered_lines": 0, "num_statements": 0, "percent_covered": 100.0, "percent_covered_display": "100", "missing_lines": 0, "excluded_lines": 0, "percent_statements_covered": 100.0, "percent_statements_covered_display": "100"}, "missing_lines": [], "excluded_lines": [], "start_line": 1}}, "classes": {"": {"executed_lines": [], "summary": {"covered_lines": 0, "num_statements": 0, "percent_covered": 100.0, "percent_covered_display": "100", "missing_lines": 0, "excluded_lines": 0, "percent_statements_covered": 100.0, "percent_statements_covered_display": "100"}, "missing_lines": [], "excluded_lines": [], "start_line": 1}}}, "app01/admin.py": {"executed_lines": [], "summary": {"covered_lines": 0, "num_statements": 1, "percent_covered": 0.0, "percent_covered_display": "0", "missing_lines": 1, "excluded_lines": 0, "percent_statements_covered": 0.0, "percent_statements_covered_display": "0"}, "missing_lines": [1], "excluded_lines": [], "functions": {"": {"executed_lines": [], "summary": {"covered_lines": 0, "num_statements": 1, "percent_covered": 0.0, "percent_covered_display": "0", "missing_lines": 1, "excluded_lines": 0, "percent_statements_covered": 0.0, "percent_statements_covered_display": "0"}, "missing_lines": [1], "excluded_lines": [], "start_line": 1}}, "classes": {"": {"executed_lines": [], "summary": {"covered_lines": 0, "num_statements": 1, "percent_covered": 0.0, "percent_covered_display": "0", "missing_lines": 1, "excluded_lines": 0, "percent_statements_covered": 0.0, "percent_statements_covered_display": "0"}, "missing_lines": [1], "excluded_lines": [], "start_line": 1}}}, "app01/api_quiz.py": {"executed_lines": [5, 6, 7, 8, 9, 10, 12, 18, 21, 22, 23, 24, 88, 89, 90, 91, 159, 160, 161, 206, 207, 208, 220, 221, 222], "summary": {"covered_lines": 25, "num_statements": 174, "percent_covered": 14.367816091954023, "percent_covered_display": "14", "missing_lines": 149, "excluded_lines": 0, "percent_statements_covered": 14.367816091954023, "percent_statements_covered_display": "14"}, "missing_lines": [26, 27, 28, 30, 31, 33, 38, 43, 44, 46, 47, 49, 50, 51, 52, 53, 54, 55, 56, 58, 59, 61, 62, 63, 65, 66, 67, 69, 70, 72, 73, 74, 75, 76, 85, 93, 94, 95, 96, 97, 98, 100, 101, 102, 103, 105, 106, 107, 108, 109, 110, 112, 113, 114, 115, 117, 118, 119, 120, 121, 122, 123, 124, 125, 126, 127, 128, 139, 140, 142, 143, 147, 149, 151, 163, 164, 166, 167, 170, 171, 172, 173, 175, 178, 179, 180, 183, 184, 185, 186, 187, 189, 190, 191, 192, 193, 194, 202, 203, 210, 211, 212, 213, 214, 215, 216, 217, 224, 225, 227, 228, 229, 231, 232, 233, 235, 236, 237, 238, 240, 241, 242, 243, 245, 246, 247, 248, 250, 251, 252, 253, 254, 255, 256, 257, 258, 259, 260, 261, 262, 263, 264, 265, 267, 268, 270, 271, 272, 273], "excluded_lines": [], "functions": {"quiz_start": {"executed_lines": [], "summary": {"covered_lines": 0, "num_statements": 35, "percent_covered": 0.0, "percent_covered_display": "0", "missing_lines": 35, "excluded_lines": 0, "percent_statements_covered": 0.0, "percent_statements_covered_display": "0"}, "missing_lines": [26, 27, 28, 30, 31, 33, 38, 43, 44, 46, 47, 49, 50, 51, 52, 53, 54, 55, 56, 58, 59, 61, 62, 63, 65, 66, 67, 69, 70, 72, 73, 74, 75, 76, 85], "excluded_lines": [], "start_line": 24}, "quiz_submit": {"executed_lines": [], "summary": {"covered_lines": 0, "num_statements": 39, "percent_covered": 0.0, "percent_covered_display": "0", "missing_lines": 39, "excluded_lines": 0, "percent_statements_covered": 0.0, "percent_statements_covered_display": "0"}, "missing_lines": [93, 94, 95, 96, 97, 98, 100, 101, 102, 103, 105, 106, 107, 108, 109, 110, 112, 113, 114, 115, 117, 118, 119, 120, 121, 122, 123, 124, 125, 126, 127, 128, 139, 140, 142, 143, 147, 149, 151], "excluded_lines": [], "start_line": 91}, "quiz_stats": {"executed_lines": [], "summary": {"covered_lines": 0, "num_statements": 25, "percent_covered": 0.0, "percent_covered_display": "0", "missing_lines": 25, "excluded_lines": 0, "percent_statements_covered": 0.0, "percent_statements_covered_display": "0"}, "missing_lines": [163, 164, 166, 167, 170, 171, 172, 173, 175, 178, 179, 180, 183, 184, 185, 186, 187, 189, 190, 191, 192, 193, 194, 202, 203], "excluded_lines": [], "start_line": 161}, "quiz_qrcode": {"executed_lines": [], "summary": {"covered_lines": 0, "num_statements": 8, "percent_covered": 0.0, "percent_covered_display": "0", "missing_lines": 8, "excluded_lines": 0, "percent_statements_covered": 0.0, "percent_statements_covered_display": "0"}, "missing_lines": [210, 211, 212, 213, 214, 215, 216, 217], "excluded_lines": [], "start_line": 208}, "quiz_import": {"executed_lines": [], "summary": {"covered_lines": 0, "num_statements": 42, "percent_covered": 0.0, "percent_covered_display": "0", "missing_lines": 42, "excluded_lines": 0, "percent_statements_covered": 0.0, "percent_statements_covered_display": "0"}, "missing_lines": [224, 225, 227, 228, 229, 231, 232, 233, 235, 236, 237, 238, 240, 241, 242, 243, 245, 246, 247, 248, 250, 251, 252, 253, 254, 255, 256, 257, 258, 259, 260, 261, 262, 263, 264, 265, 267, 268, 270, 271, 272, 273], "excluded_lines": [], "start_line": 222}, "": {"executed_lines": [5, 6, 7, 8, 9, 10, 12, 18, 21, 22, 23, 24, 88, 89, 90, 91, 159, 160, 161, 206, 207, 208, 220, 221, 222], "summary": {"covered_lines": 25, "num_statements": 25, "percent_covered": 100.0, "percent_covered_display": "100", "missing_lines": 0, "excluded_lines": 0, "percent_statements_covered": 100.0, "percent_statements_covered_display": "100"}, "missing_lines": [], "excluded_lines": [], "start_line": 1}}, "classes": {"": {"executed_lines": [5, 6, 7, 8, 9, 10, 12, 18, 21, 22, 23, 24, 88, 89, 90, 91, 159, 160, 161, 206, 207, 208, 220, 221, 222], "summary": {"covered_lines": 25, "num_statements": 174, "percent_covered": 14.367816091954023, "percent_covered_display": "14", "missing_lines": 149, "excluded_lines": 0, "percent_statements_covered": 14.367816091954023, "percent_statements_covered_display": "14"}, "missing_lines": [26, 27, 28, 30, 31, 33, 38, 43, 44, 46, 47, 49, 50, 51, 52, 53, 54, 55, 56, 58, 59, 61, 62, 63, 65, 66, 67, 69, 70, 72, 73, 74, 75, 76, 85, 93, 94, 95, 96, 97, 98, 100, 101, 102, 103, 105, 106, 107, 108, 109, 110, 112, 113, 114, 115, 117, 118, 119, 120, 121, 122, 123, 124, 125, 126, 127, 128, 139, 140, 142, 143, 147, 149, 151, 163, 164, 166, 167, 170, 171, 172, 173, 175, 178, 179, 180, 183, 184, 185, 186, 187, 189, 190, 191, 192, 193, 194, 202, 203, 210, 211, 212, 213, 214, 215, 216, 217, 224, 225, 227, 228, 229, 231, 232, 233, 235, 236, 237, 238, 240, 241, 242, 243, 245, 246, 247, 248, 250, 251, 252, 253, 254, 255, 256, 257, 258, 259, 260, 261, 262, 263, 264, 265, 267, 268, 270, 271, 272, 273], "excluded_lines": [], "start_line": 1}}}, "app01/api_urls.py": {"executed_lines": [1, 2, 3, 5, 6, 7, 8, 9, 10, 11, 12, 13, 14, 15, 16, 17, 18, 19, 20, 21, 22, 24, 28, 30], "summary": {"covered_lines": 24, "num_statements": 24, "percent_covered": 100.0, "percent_covered_display": "100", "missing_lines": 0, "excluded_lines": 0, "percent_statements_covered": 100.0, "percent_statements_covered_display": "100"}, "missing_lines": [], "excluded_lines": [], "functions": {"": {"executed_lines": [1, 2, 3, 5, 6, 7, 8, 9, 10, 11, 12, 13, 14, 15, 16, 17, 18, 19, 20, 21, 22, 24, 28, 30], "summary": {"covered_lines": 24, "num_statements": 24, "percent_covered": 100.0, "percent_covered_display": "100", "missing_lines": 0, "excluded_lines": 0, "percent_statements_covered": 100.0, "percent_statements_covered_display": "100"}, "missing_lines": [], "excluded_lines": [], "start_line": 1}}, "classes": {"": {"executed_lines": [1, 2, 3, 5, 6, 7, 8, 9, 10, 11, 12, 13, 14, 15, 16, 17, 18, 19, 20, 21, 22, 24, 28, 30], "summary": {"covered_lines": 24, "num_statements": 24, "percent_covered": 100.0, "percent_covered_display": "100", "missing_lines": 0, "excluded_lines": 0, "percent_statements_covered": 100.0, "percent_statements_covered_display": "100"}, "missing_lines": [], "excluded_lines": [], "start_line": 1}}}, "app01/api_views.py": {"executed_lines": [1, 2, 9, 21, 22, 23, 24, 25, 26, 29, 30, 31, 32, 33, 36, 37, 38, 39, 40, 43, 44, 45, 46, 47, 50, 51, 52, 53, 54, 57, 58, 59, 60, 61, 64, 65, 66, 67, 70, 71, 72, 73, 76, 77, 78, 79, 80, 81, 84, 85, 86, 87, 88, 91, 92, 93, 94, 95, 98, 99, 100, 101, 102, 103, 106, 107, 108, 109, 110, 113, 114, 115, 116, 117, 118, 121, 122, 123, 124, 125, 128, 129, 130, 131, 132, 133, 134, 137, 138, 139, 140, 141, 143, 152, 156, 157, 183, 184, 195, 196, 205, 206, 217, 218, 233, 234, 235], "summary": {"covered_lines": 107, "num_statements": 176, "percent_covered": 60.79545454545455, "percent_covered_display": "61", "missing_lines": 69, "excluded_lines": 0, "percent_statements_covered": 60.79545454545455, "percent_statements_covered_display": "61"}, "missing_lines": [144, 145, 146, 147, 148, 149, 153, 154, 158, 159, 160, 161, 162, 163, 164, 165, 166, 167, 168, 169, 170, 171, 172, 173, 174, 175, 176, 177, 178, 179, 180, 181, 185, 186, 187, 188, 189, 190, 191, 192, 193, 197, 198, 199, 200, 201, 202, 203, 207, 208, 209, 210, 211, 212, 213, 214, 215, 219, 220, 221, 222, 223, 224, 225, 226, 227, 228, 229, 230], "excluded_lines": [], "functions": {"WorkerViewSet.get_queryset": {"executed_lines": [], "summary": {"covered_lines": 0, "num_statements": 6, "percent_covered": 0.0, "percent_covered_display": "0", "missing_lines": 6, "excluded_lines": 0, "percent_statements_covered": 0.0, "percent_statements_covered_display": "0"}, "missing_lines": [144, 145, 146, 147, 148, 149], "excluded_lines": [], "start_line": 143}, "WorkerViewSet.perform_create": {"executed_lines": [], "summary": {"covered_lines": 0, "num_statements": 2, "percent_covered": 0.0, "percent_covered_display": "0", "missing_lines": 2, "excluded_lines": 0, "percent_statements_covered": 0.0, "percent_statements_covered_display": "0"}, "missing_lines": [153, 154], "excluded_lines": [], "start_line": 152}, "WorkerViewSet.upload_photo": {"executed_lines": [], "summary": {"covered_lines": 0, "num_statements": 24, "percent_covered": 0.0, "percent_covered_display": "0", "missing_lines": 24, "excluded_lines": 0, "percent_statements_covered": 0.0, "percent_statements_covered_display": "0"}, "missing_lines": [158, 159, 160, 161, 162, 163, 164, 165, 166, 167, 168, 169, 170, 171, 172, 173, 174, 175, 176, 177, 178, 179, 180, 181], "excluded_lines": [], "start_line": 157}, "WorkerViewSet.batch_delete": {"executed_lines": [], "summary": {"covered_lines": 0, "num_statements": 9, "percent_covered": 0.0, "percent_covered_display": "0", "missing_lines": 9, "excluded_lines": 0, "percent_statements_covered": 0.0, "percent_statements_covered_display": "0"}, "missing_lines": [185, 186, 187, 188, 189, 190, 191, 192, 193], "excluded_lines": [], "start_line": 184}, "WorkerViewSet.import_excel": {"executed_lines": [], "summary": {"covered_lines": 0, "num_statements": 7, "percent_covered": 0.0, "percent_covered_display": "0", "missing_lines": 7, "excluded_lines": 0, "percent_statements_covered": 0.0, "percent_statements_covered_display": "0"}, "missing_lines": [197, 198, 199, 200, 201, 202, 203], "excluded_lines": [], "start_line": 196}, "WorkerViewSet.preview": {"executed_lines": [], "summary": {"covered_lines": 0, "num_statements": 9, "percent_covered": 0.0, "percent_covered_display": "0", "missing_lines": 9, "excluded_lines": 0, "percent_statements_covered": 0.0, "percent_statements_covered_display": "0"}, "missing_lines": [207, 208, 209, 210, 211, 212, 213, 214, 215], "excluded_lines": [], "start_line": 206}, "WorkerViewSet.download_zip": {"executed_lines": [], "summary": {"covered_lines": 0, "num_statements": 12, "percent_covered": 0.0, "percent_covered_display": "0", "missing_lines": 12, "excluded_lines": 0, "percent_statements_covered": 0.0, "percent_statements_covered_display": "0"}, "missing_lines": [219, 220, 221, 222, 223, 224, 225, 226, 227, 228, 229, 230], "excluded_lines": [], "start_line": 218}, "": {"executed_lines": [1, 2, 9, 21, 22, 23, 24, 25, 26, 29, 30, 31, 32, 33, 36, 37, 38, 39, 40, 43, 44, 45, 46, 47, 50, 51, 52, 53, 54, 57, 58, 59, 60, 61, 64, 65, 66, 67, 70, 71, 72, 73, 76, 77, 78, 79, 80, 81, 84, 85, 86, 87, 88, 91, 92, 93, 94, 95, 98, 99, 100, 101, 102, 103, 106, 107, 108, 109, 110, 113, 114, 115, 116, 117, 118, 121, 122, 123, 124, 125, 128, 129, 130, 131, 132, 133, 134, 137, 138, 139, 140, 141, 143, 152, 156, 157, 183, 184, 195, 196, 205, 206, 217, 218, 233, 234, 235], "summary": {"covered_lines": 107, "num_statements": 107, "percent_covered": 100.0, "percent_covered_display": "100", "missing_lines": 0, "excluded_lines": 0, "percent_statements_covered": 100.0, "percent_statements_covered_display": "100"}, "missing_lines": [], "excluded_lines": [], "start_line": 1}}, "classes": {"AdminViewSet": {"executed_lines": [], "summary": {"covered_lines": 0, "num_statements": 0, "percent_covered": 100.0, "percent_covered_display": "100", "missing_lines": 0, "excluded_lines": 0, "percent_statements_covered": 100.0, "percent_statements_covered_display": "100"}, "missing_lines": [], "excluded_lines": [], "start_line": 21}, "QuestionViewSet": {"executed_lines": [], "summary": {"covered_lines": 0, "num_statements": 0, "percent_covered": 100.0, "percent_covered_display": "100", "missing_lines": 0, "excluded_lines": 0, "percent_statements_covered": 100.0, "percent_statements_covered_display": "100"}, "missing_lines": [], "excluded_lines": [], "start_line": 29}, "UserAnswerViewSet": {"executed_lines": [], "summary": {"covered_lines": 0, "num_statements": 0, "percent_covered": 100.0, "percent_covered_display": "100", "missing_lines": 0, "excluded_lines": 0, "percent_statements_covered": 100.0, "percent_statements_covered_display": "100"}, "missing_lines": [], "excluded_lines": [], "start_line": 36}, "LoginRecordsViewSet": {"executed_lines": [], "summary": {"covered_lines": 0, "num_statements": 0, "percent_covered": 100.0, "percent_covered_display": "100", "missing_lines": 0, "excluded_lines": 0, "percent_statements_covered": 100.0, "percent_statements_covered_display": "100"}, "missing_lines": [], "excluded_lines": [], "start_line": 43}, "ExplosiveInventoryItemViewSet": {"executed_lines": [], "summary": {"covered_lines": 0, "num_statements": 0, "percent_covered": 100.0, "percent_covered_display": "100", "missing_lines": 0, "excluded_lines": 0, "percent_statements_covered": 100.0, "percent_statements_covered_display": "100"}, "missing_lines": [], "excluded_lines": [], "start_line": 50}, "CategoryContentViewSet": {"executed_lines": [], "summary": {"covered_lines": 0, "num_statements": 0, "percent_covered": 100.0, "percent_covered_display": "100", "missing_lines": 0, "excluded_lines": 0, "percent_statements_covered": 100.0, "percent_statements_covered_display": "100"}, "missing_lines": [], "excluded_lines": [], "start_line": 57}, "UploadedPDFViewSet": {"executed_lines": [], "summary": {"covered_lines": 0, "num_statements": 0, "percent_covered": 100.0, "percent_covered_display": "100", "missing_lines": 0, "excluded_lines": 0, "percent_statements_covered": 100.0, "percent_statements_covered_display": "100"}, "missing_lines": [], "excluded_lines": [], "start_line": 64}, "UploadedTuViewSet": {"executed_lines": [], "summary": {"covered_lines": 0, "num_statements": 0, "percent_covered": 100.0, "percent_covered_display": "100", "missing_lines": 0, "excluded_lines": 0, "percent_statements_covered": 100.0, "percent_statements_covered_display": "100"}, "missing_lines": [], "excluded_lines": [], "start_line": 70}, "UploadedZhaopianViewSet": {"executed_lines": [], "summary": {"covered_lines": 0, "num_statements": 0, "percent_covered": 100.0, "percent_covered_display": "100", "missing_lines": 0, "excluded_lines": 0, "percent_statements_covered": 100.0, "percent_statements_covered_display": "100"}, "missing_lines": [], "excluded_lines": [], "start_line": 76}, "IDCardViewSet": {"executed_lines": [], "summary": {"covered_lines": 0, "num_statements": 0, "percent_covered": 100.0, "percent_covered_display": "100", "missing_lines": 0, "excluded_lines": 0, "percent_statements_covered": 100.0, "percent_statements_covered_display": "100"}, "missing_lines": [], "excluded_lines": [], "start_line": 84}, "ContractLaborViewSet": {"executed_lines": [], "summary": {"covered_lines": 0, "num_statements": 0, "percent_covered": 100.0, "percent_covered_display": "100", "missing_lines": 0, "excluded_lines": 0, "percent_statements_covered": 100.0, "percent_statements_covered_display": "100"}, "missing_lines": [], "excluded_lines": [], "start_line": 91}, "CandidateViewSet": {"executed_lines": [], "summary": {"covered_lines": 0, "num_statements": 0, "percent_covered": 100.0, "percent_covered_display": "100", "missing_lines": 0, "excluded_lines": 0, "percent_statements_covered": 100.0, "percent_statements_covered_display": "100"}, "missing_lines": [], "excluded_lines": [], "start_line": 98}, "ExplosiveStaffViewSet": {"executed_lines": [], "summary": {"covered_lines": 0, "num_statements": 0, "percent_covered": 100.0, "percent_covered_display": "100", "missing_lines": 0, "excluded_lines": 0, "percent_statements_covered": 100.0, "percent_statements_covered_display": "100"}, "missing_lines": [], "excluded_lines": [], "start_line": 106}, "WeighingRecordViewSet": {"executed_lines": [], "summary": {"covered_lines": 0, "num_statements": 0, "percent_covered": 100.0, "percent_covered_display": "100", "missing_lines": 0, "excluded_lines": 0, "percent_statements_covered": 100.0, "percent_statements_covered_display": "100"}, "missing_lines": [], "excluded_lines": [], "start_line": 113}, "BlastingCertificateViewSet": {"executed_lines": [], "summary": {"covered_lines": 0, "num_statements": 0, "percent_covered": 100.0, "percent_covered_display": "100", "missing_lines": 0, "excluded_lines": 0, "percent_statements_covered": 100.0, "percent_statements_covered_display": "100"}, "missing_lines": [], "excluded_lines": [], "start_line": 121}, "WorkerViewSet": {"executed_lines": [], "summary": {"covered_lines": 0, "num_statements": 69, "percent_covered": 0.0, "percent_covered_display": "0", "missing_lines": 69, "excluded_lines": 0, "percent_statements_covered": 0.0, "percent_statements_covered_display": "0"}, "missing_lines": [144, 145, 146, 147, 148, 149, 153, 154, 158, 159, 160, 161, 162, 163, 164, 165, 166, 167, 168, 169, 170, 171, 172, 173, 174, 175, 176, 177, 178, 179, 180, 181, 185, 186, 187, 188, 189, 190, 191, 192, 193, 197, 198, 199, 200, 201, 202, 203, 207, 208, 209, 210, 211, 212, 213, 214, 215, 219, 220, 221, 222, 223, 224, 225, 226, 227, 228, 229, 230], "excluded_lines": [], "start_line": 137}, "JobTypeViewSet": {"executed_lines": [], "summary": {"covered_lines": 0, "num_statements": 0, "percent_covered": 100.0, "percent_covered_display": "100", "missing_lines": 0, "excluded_lines": 0, "percent_statements_covered": 100.0, "percent_statements_covered_display": "100"}, "missing_lines": [], "excluded_lines": [], "start_line": 233}, "": {"executed_lines": [1, 2, 9, 21, 22, 23, 24, 25, 26, 29, 30, 31, 32, 33, 36, 37, 38, 39, 40, 43, 44, 45, 46, 47, 50, 51, 52, 53, 54, 57, 58, 59, 60, 61, 64, 65, 66, 67, 70, 71, 72, 73, 76, 77, 78, 79, 80, 81, 84, 85, 86, 87, 88, 91, 92, 93, 94, 95, 98, 99, 100, 101, 102, 103, 106, 107, 108, 109, 110, 113, 114, 115, 116, 117, 118, 121, 122, 123, 124, 125, 128, 129, 130, 131, 132, 133, 134, 137, 138, 139, 140, 141, 143, 152, 156, 157, 183, 184, 195, 196, 205, 206, 217, 218, 233, 234, 235], "summary": {"covered_lines": 107, "num_statements": 107, "percent_covered": 100.0, "percent_covered_display": "100", "missing_lines": 0, "excluded_lines": 0, "percent_statements_covered": 100.0, "percent_statements_covered_display": "100"}, "missing_lines": [], "excluded_lines": [], "start_line": 1}}}, "app01/apps.py": {"executed_lines": [1, 4, 5, 6], "summary": {"covered_lines": 4, "num_statements": 4, "percent_covered": 100.0, "percent_covered_display": "100", "missing_lines": 0, "excluded_lines": 0, "percent_statements_covered": 100.0, "percent_statements_covered_display": "100"}, "missing_lines": [], "excluded_lines": [], "functions": {"": {"executed_lines": [1, 4, 5, 6], "summary": {"covered_lines": 4, "num_statements": 4, "percent_covered": 100.0, "percent_covered_display": "100", "missing_lines": 0, "excluded_lines": 0, "percent_statements_covered": 100.0, "percent_statements_covered_display": "100"}, "missing_lines": [], "excluded_lines": [], "start_line": 1}}, "classes": {"App01Config": {"executed_lines": [], "summary": {"covered_lines": 0, "num_statements": 0, "percent_covered": 100.0, "percent_covered_display": "100", "missing_lines": 0, "excluded_lines": 0, "percent_statements_covered": 100.0, "percent_statements_covered_display": "100"}, "missing_lines": [], "excluded_lines": [], "start_line": 4}, "": {"executed_lines": [1, 4, 5, 6], "summary": {"covered_lines": 4, "num_statements": 4, "percent_covered": 100.0, "percent_covered_display": "100", "missing_lines": 0, "excluded_lines": 0, "percent_statements_covered": 100.0, "percent_statements_covered_display": "100"}, "missing_lines": [], "excluded_lines": [], "start_line": 1}}}, "app01/auth.py": {"executed_lines": [1, 2, 5, 7, 8, 9, 10, 12, 13, 14, 16, 19, 20, 21, 23, 24, 30, 32, 33, 36, 38, 39, 41, 43, 45, 47, 49, 52, 57, 58, 99, 108, 109, 110, 112, 113, 120], "summary": {"covered_lines": 37, "num_statements": 71, "percent_covered": 52.11267605633803, "percent_covered_display": "52", "missing_lines": 34, "excluded_lines": 0, "percent_statements_covered": 52.11267605633803, "percent_statements_covered_display": "52"}, "missing_lines": [34, 37, 42, 44, 46, 48, 50, 53, 60, 61, 63, 64, 65, 67, 69, 71, 73, 75, 77, 79, 81, 82, 84, 86, 87, 91, 93, 97, 114, 115, 116, 117, 118, 119], "excluded_lines": [], "functions": {"M1.process_request": {"executed_lines": [8, 9, 10, 12, 13, 14, 16, 19, 20, 21, 23, 24], "summary": {"covered_lines": 12, "num_statements": 12, "percent_covered": 100.0, "percent_covered_display": "100", "missing_lines": 0, "excluded_lines": 0, "percent_statements_covered": 100.0, "percent_statements_covered_display": "100"}, "missing_lines": [], "excluded_lines": [], "start_line": 7}, "M2.process_request": {"executed_lines": [33, 36, 38, 39, 41, 43, 45, 47, 49, 52, 57, 58, 99], "summary": {"covered_lines": 13, "num_statements": 41, "percent_covered": 31.70731707317073, "percent_covered_display": "32", "missing_lines": 28, "excluded_lines": 0, "percent_statements_covered": 31.70731707317073, "percent_statements_covered_display": "32"}, "missing_lines": [34, 37, 42, 44, 46, 48, 50, 53, 60, 61, 63, 64, 65, 67, 69, 71, 73, 75, 77, 79, 81, 82, 84, 86, 87, 91, 93, 97], "excluded_lines": [], "start_line": 32}, "CorsOptionsMiddleware.__init__": {"executed_lines": [110], "summary": {"covered_lines": 1, "num_statements": 1, "percent_covered": 100.0, "percent_covered_display": "100", "missing_lines": 0, "excluded_lines": 0, "percent_statements_covered": 100.0, "percent_statements_covered_display": "100"}, "missing_lines": [], "excluded_lines": [], "start_line": 109}, "CorsOptionsMiddleware.__call__": {"executed_lines": [113, 120], "summary": {"covered_lines": 2, "num_statements": 8, "percent_covered": 25.0, "percent_covered_display": "25", "missing_lines": 6, "excluded_lines": 0, "percent_statements_covered": 25.0, "percent_statements_covered_display": "25"}, "missing_lines": [114, 115, 116, 117, 118, 119], "excluded_lines": [], "start_line": 112}, "": {"executed_lines": [1, 2, 5, 7, 30, 32, 108, 109, 112], "summary": {"covered_lines": 9, "num_statements": 9, "percent_covered": 100.0, "percent_covered_display": "100", "missing_lines": 0, "excluded_lines": 0, "percent_statements_covered": 100.0, "percent_statements_covered_display": "100"}, "missing_lines": [], "excluded_lines": [], "start_line": 1}}, "classes": {"M1": {"executed_lines": [8, 9, 10, 12, 13, 14, 16, 19, 20, 21, 23, 24], "summary": {"covered_lines": 12, "num_statements": 12, "percent_covered": 100.0, "percent_covered_display": "100", "missing_lines": 0, "excluded_lines": 0, "percent_statements_covered": 100.0, "percent_statements_covered_display": "100"}, "missing_lines": [], "excluded_lines": [], "start_line": 5}, "M2": {"executed_lines": [33, 36, 38, 39, 41, 43, 45, 47, 49, 52, 57, 58, 99], "summary": {"covered_lines": 13, "num_statements": 41, "percent_covered": 31.70731707317073, "percent_covered_display": "32", "missing_lines": 28, "excluded_lines": 0, "percent_statements_covered": 31.70731707317073, "percent_statements_covered_display": "32"}, "missing_lines": [34, 37, 42, 44, 46, 48, 50, 53, 60, 61, 63, 64, 65, 67, 69, 71, 73, 75, 77, 79, 81, 82, 84, 86, 87, 91, 93, 97], "excluded_lines": [], "start_line": 30}, "CorsOptionsMiddleware": {"executed_lines": [110, 113, 120], "summary": {"covered_lines": 3, "num_statements": 9, "percent_covered": 33.333333333333336, "percent_covered_display": "33", "missing_lines": 6, "excluded_lines": 0, "percent_statements_covered": 33.333333333333336, "percent_statements_covered_display": "33"}, "missing_lines": [114, 115, 116, 117, 118, 119], "excluded_lines": [], "start_line": 108}, "": {"executed_lines": [1, 2, 5, 7, 30, 32, 108, 109, 112], "summary": {"covered_lines": 9, "num_statements": 9, "percent_covered": 100.0, "percent_covered_display": "100", "missing_lines": 0, "excluded_lines": 0, "percent_statements_covered": 100.0, "percent_statements_covered_display": "100"}, "missing_lines": [], "excluded_lines": [], "start_line": 1}}}, "app01/forms/__init__.py": {"executed_lines": [1, 2, 5, 6, 7, 8, 10, 18, 19, 20, 21, 23, 29, 30, 31, 32, 34, 49, 50, 51, 52, 54, 67, 68, 69, 70, 71, 72, 78, 82, 83, 89, 90, 91, 92, 93, 94], "summary": {"covered_lines": 37, "num_statements": 59, "percent_covered": 62.71186440677966, "percent_covered_display": "63", "missing_lines": 22, "excluded_lines": 0, "percent_statements_covered": 62.71186440677966, "percent_statements_covered_display": "63"}, "missing_lines": [11, 12, 14, 15, 24, 25, 26, 35, 36, 37, 39, 42, 44, 46, 55, 56, 57, 58, 61, 62, 64, 79], "excluded_lines": [], "functions": {"StaffForm.__init__": {"executed_lines": [], "summary": {"covered_lines": 0, "num_statements": 4, "percent_covered": 0.0, "percent_covered_display": "0", "missing_lines": 4, "excluded_lines": 0, "percent_statements_covered": 0.0, "percent_statements_covered_display": "0"}, "missing_lines": [11, 12, 14, 15], "excluded_lines": [], "start_line": 10}, "CertTypeForm.__init__": {"executed_lines": [], "summary": {"covered_lines": 0, "num_statements": 3, "percent_covered": 0.0, "percent_covered_display": "0", "missing_lines": 3, "excluded_lines": 0, "percent_statements_covered": 0.0, "percent_statements_covered_display": "0"}, "missing_lines": [24, 25, 26], "excluded_lines": [], "start_line": 23}, "StaffCertForm.__init__": {"executed_lines": [], "summary": {"covered_lines": 0, "num_statements": 7, "percent_covered": 0.0, "percent_covered_display": "0", "missing_lines": 7, "excluded_lines": 0, "percent_statements_covered": 0.0, "percent_statements_covered_display": "0"}, "missing_lines": [35, 36, 37, 39, 42, 44, 46], "excluded_lines": [], "start_line": 34}, "StaffCertFileForm.__init__": {"executed_lines": [], "summary": {"covered_lines": 0, "num_statements": 7, "percent_covered": 0.0, "percent_covered_display": "0", "missing_lines": 7, "excluded_lines": 0, "percent_statements_covered": 0.0, "percent_statements_covered_display": "0"}, "missing_lines": [55, 56, 57, 58, 61, 62, 64], "excluded_lines": [], "start_line": 54}, "WorkerForm.clean_job_type": {"executed_lines": [], "summary": {"covered_lines": 0, "num_statements": 1, "percent_covered": 0.0, "percent_covered_display": "0", "missing_lines": 1, "excluded_lines": 0, "percent_statements_covered": 0.0, "percent_statements_covered_display": "0"}, "missing_lines": [79], "excluded_lines": [], "start_line": 78}, "": {"executed_lines": [1, 2, 5, 6, 7, 8, 10, 18, 19, 20, 21, 23, 29, 30, 31, 32, 34, 49, 50, 51, 52, 54, 67, 68, 69, 70, 71, 72, 78, 82, 83, 89, 90, 91, 92, 93, 94], "summary": {"covered_lines": 37, "num_statements": 37, "percent_covered": 100.0, "percent_covered_display": "100", "missing_lines": 0, "excluded_lines": 0, "percent_statements_covered": 100.0, "percent_statements_covered_display": "100"}, "missing_lines": [], "excluded_lines": [], "start_line": 1}}, "classes": {"StaffForm": {"executed_lines": [], "summary": {"covered_lines": 0, "num_statements": 4, "percent_covered": 0.0, "percent_covered_display": "0", "missing_lines": 4, "excluded_lines": 0, "percent_statements_covered": 0.0, "percent_statements_covered_display": "0"}, "missing_lines": [11, 12, 14, 15], "excluded_lines": [], "start_line": 5}, "StaffForm.Meta": {"executed_lines": [], "summary": {"covered_lines": 0, "num_statements": 0, "percent_covered": 100.0, "percent_covered_display": "100", "missing_lines": 0, "excluded_lines": 0, "percent_statements_covered": 100.0, "percent_statements_covered_display": "100"}, "missing_lines": [], "excluded_lines": [], "start_line": 6}, "CertTypeForm": {"executed_lines": [], "summary": {"covered_lines": 0, "num_statements": 3, "percent_covered": 0.0, "percent_covered_display": "0", "missing_lines": 3, "excluded_lines": 0, "percent_statements_covered": 0.0, "percent_statements_covered_display": "0"}, "missing_lines": [24, 25, 26], "excluded_lines": [], "start_line": 18}, "CertTypeForm.Meta": {"executed_lines": [], "summary": {"covered_lines": 0, "num_statements": 0, "percent_covered": 100.0, "percent_covered_display": "100", "missing_lines": 0, "excluded_lines": 0, "percent_statements_covered": 100.0, "percent_statements_covered_display": "100"}, "missing_lines": [], "excluded_lines": [], "start_line": 19}, "StaffCertForm": {"executed_lines": [], "summary": {"covered_lines": 0, "num_statements": 7, "percent_covered": 0.0, "percent_covered_display": "0", "missing_lines": 7, "excluded_lines": 0, "percent_statements_covered": 0.0, "percent_statements_covered_display": "0"}, "missing_lines": [35, 36, 37, 39, 42, 44, 46], "excluded_lines": [], "start_line": 29}, "StaffCertForm.Meta": {"executed_lines": [], "summary": {"covered_lines": 0, "num_statements": 0, "percent_covered": 100.0, "percent_covered_display": "100", "missing_lines": 0, "excluded_lines": 0, "percent_statements_covered": 100.0, "percent_statements_covered_display": "100"}, "missing_lines": [], "excluded_lines": [], "start_line": 30}, "StaffCertFileForm": {"executed_lines": [], "summary": {"covered_lines": 0, "num_statements": 7, "percent_covered": 0.0, "percent_covered_display": "0", "missing_lines": 7, "excluded_lines": 0, "percent_statements_covered": 0.0, "percent_statements_covered_display": "0"}, "missing_lines": [55, 56, 57, 58, 61, 62, 64], "excluded_lines": [], "start_line": 49}, "StaffCertFileForm.Meta": {"executed_lines": [], "summary": {"covered_lines": 0, "num_statements": 0, "percent_covered": 100.0, "percent_covered_display": "100", "missing_lines": 0, "excluded_lines": 0, "percent_statements_covered": 100.0, "percent_statements_covered_display": "100"}, "missing_lines": [], "excluded_lines": [], "start_line": 50}, "WorkerForm": {"executed_lines": [], "summary": {"covered_lines": 0, "num_statements": 1, "percent_covered": 0.0, "percent_covered_display": "0", "missing_lines": 1, "excluded_lines": 0, "percent_statements_covered": 0.0, "percent_statements_covered_display": "0"}, "missing_lines": [79], "excluded_lines": [], "start_line": 67}, "WorkerForm.Meta": {"executed_lines": [], "summary": {"covered_lines": 0, "num_statements": 0, "percent_covered": 100.0, "percent_covered_display": "100", "missing_lines": 0, "excluded_lines": 0, "percent_statements_covered": 100.0, "percent_statements_covered_display": "100"}, "missing_lines": [], "excluded_lines": [], "start_line": 68}, "ExcelUploadForm": {"executed_lines": [], "summary": {"covered_lines": 0, "num_statements": 0, "percent_covered": 100.0, "percent_covered_display": "100", "missing_lines": 0, "excluded_lines": 0, "percent_statements_covered": 100.0, "percent_statements_covered_display": "100"}, "missing_lines": [], "excluded_lines": [], "start_line": 82}, "PhotoForm": {"executed_lines": [], "summary": {"covered_lines": 0, "num_statements": 0, "percent_covered": 100.0, "percent_covered_display": "100", "missing_lines": 0, "excluded_lines": 0, "percent_statements_covered": 100.0, "percent_statements_covered_display": "100"}, "missing_lines": [], "excluded_lines": [], "start_line": 89}, "PhotoForm.Meta": {"executed_lines": [], "summary": {"covered_lines": 0, "num_statements": 0, "percent_covered": 100.0, "percent_covered_display": "100", "missing_lines": 0, "excluded_lines": 0, "percent_statements_covered": 100.0, "percent_statements_covered_display": "100"}, "missing_lines": [], "excluded_lines": [], "start_line": 90}, "": {"executed_lines": [1, 2, 5, 6, 7, 8, 10, 18, 19, 20, 21, 23, 29, 30, 31, 32, 34, 49, 50, 51, 52, 54, 67, 68, 69, 70, 71, 72, 78, 82, 83, 89, 90, 91, 92, 93, 94], "summary": {"covered_lines": 37, "num_statements": 37, "percent_covered": 100.0, "percent_covered_display": "100", "missing_lines": 0, "excluded_lines": 0, "percent_statements_covered": 100.0, "percent_statements_covered_display": "100"}, "missing_lines": [], "excluded_lines": [], "start_line": 1}}}, "app01/forms/auth.py": {"executed_lines": [1, 2, 5, 6, 8, 13, 14, 15, 17, 18, 19, 20], "summary": {"covered_lines": 12, "num_statements": 12, "percent_covered": 100.0, "percent_covered_display": "100", "missing_lines": 0, "excluded_lines": 0, "percent_statements_covered": 100.0, "percent_statements_covered_display": "100"}, "missing_lines": [], "excluded_lines": [], "functions": {"Login.clean_password": {"executed_lines": [14, 15], "summary": {"covered_lines": 2, "num_statements": 2, "percent_covered": 100.0, "percent_covered_display": "100", "missing_lines": 0, "excluded_lines": 0, "percent_statements_covered": 100.0, "percent_statements_covered_display": "100"}, "missing_lines": [], "excluded_lines": [], "start_line": 13}, "Login.__init__": {"executed_lines": [18, 19, 20], "summary": {"covered_lines": 3, "num_statements": 3, "percent_covered": 100.0, "percent_covered_display": "100", "missing_lines": 0, "excluded_lines": 0, "percent_statements_covered": 100.0, "percent_statements_covered_display": "100"}, "missing_lines": [], "excluded_lines": [], "start_line": 17}, "": {"executed_lines": [1, 2, 5, 6, 8, 13, 17], "summary": {"covered_lines": 7, "num_statements": 7, "percent_covered": 100.0, "percent_covered_display": "100", "missing_lines": 0, "excluded_lines": 0, "percent_statements_covered": 100.0, "percent_statements_covered_display": "100"}, "missing_lines": [], "excluded_lines": [], "start_line": 1}}, "classes": {"Login": {"executed_lines": [14, 15, 18, 19, 20], "summary": {"covered_lines": 5, "num_statements": 5, "percent_covered": 100.0, "percent_covered_display": "100", "missing_lines": 0, "excluded_lines": 0, "percent_statements_covered": 100.0, "percent_statements_covered_display": "100"}, "missing_lines": [], "excluded_lines": [], "start_line": 5}, "": {"executed_lines": [1, 2, 5, 6, 8, 13, 17], "summary": {"covered_lines": 7, "num_statements": 7, "percent_covered": 100.0, "percent_covered_display": "100", "missing_lines": 0, "excluded_lines": 0, "percent_statements_covered": 100.0, "percent_statements_covered_display": "100"}, "missing_lines": [], "excluded_lines": [], "start_line": 1}}}, "app01/forms/candidate.py": {"executed_lines": [1, 2, 3, 4, 7, 8, 9, 10, 11, 12, 25, 35], "summary": {"covered_lines": 12, "num_statements": 22, "percent_covered": 54.54545454545455, "percent_covered_display": "55", "missing_lines": 10, "excluded_lines": 0, "percent_statements_covered": 54.54545454545455, "percent_statements_covered_display": "55"}, "missing_lines": [26, 28, 29, 30, 32, 33, 36, 37, 38, 39], "excluded_lines": [], "functions": {"CandidateProfileForm.__init__": {"executed_lines": [], "summary": {"covered_lines": 0, "num_statements": 6, "percent_covered": 0.0, "percent_covered_display": "0", "missing_lines": 6, "excluded_lines": 0, "percent_statements_covered": 0.0, "percent_statements_covered_display": "0"}, "missing_lines": [26, 28, 29, 30, 32, 33], "excluded_lines": [], "start_line": 25}, "CandidateProfileForm.clean_name": {"executed_lines": [], "summary": {"covered_lines": 0, "num_statements": 4, "percent_covered": 0.0, "percent_covered_display": "0", "missing_lines": 4, "excluded_lines": 0, "percent_statements_covered": 0.0, "percent_statements_covered_display": "0"}, "missing_lines": [36, 37, 38, 39], "excluded_lines": [], "start_line": 35}, "": {"executed_lines": [1, 2, 3, 4, 7, 8, 9, 10, 11, 12, 25, 35], "summary": {"covered_lines": 12, "num_statements": 12, "percent_covered": 100.0, "percent_covered_display": "100", "missing_lines": 0, "excluded_lines": 0, "percent_statements_covered": 100.0, "percent_statements_covered_display": "100"}, "missing_lines": [], "excluded_lines": [], "start_line": 1}}, "classes": {"CandidateProfileForm": {"executed_lines": [], "summary": {"covered_lines": 0, "num_statements": 10, "percent_covered": 0.0, "percent_covered_display": "0", "missing_lines": 10, "excluded_lines": 0, "percent_statements_covered": 0.0, "percent_statements_covered_display": "0"}, "missing_lines": [26, 28, 29, 30, 32, 33, 36, 37, 38, 39], "excluded_lines": [], "start_line": 7}, "CandidateProfileForm.Meta": {"executed_lines": [], "summary": {"covered_lines": 0, "num_statements": 0, "percent_covered": 100.0, "percent_covered_display": "100", "missing_lines": 0, "excluded_lines": 0, "percent_statements_covered": 100.0, "percent_statements_covered_display": "100"}, "missing_lines": [], "excluded_lines": [], "start_line": 8}, "": {"executed_lines": [1, 2, 3, 4, 7, 8, 9, 10, 11, 12, 25, 35], "summary": {"covered_lines": 12, "num_statements": 12, "percent_covered": 100.0, "percent_covered_display": "100", "missing_lines": 0, "excluded_lines": 0, "percent_statements_covered": 100.0, "percent_statements_covered_display": "100"}, "missing_lines": [], "excluded_lines": [], "start_line": 1}}}, "app01/forms/category.py": {"executed_lines": [1, 2, 5, 6, 7, 8], "summary": {"covered_lines": 6, "num_statements": 6, "percent_covered": 100.0, "percent_covered_display": "100", "missing_lines": 0, "excluded_lines": 0, "percent_statements_covered": 100.0, "percent_statements_covered_display": "100"}, "missing_lines": [], "excluded_lines": [], "functions": {"": {"executed_lines": [1, 2, 5, 6, 7, 8], "summary": {"covered_lines": 6, "num_statements": 6, "percent_covered": 100.0, "percent_covered_display": "100", "missing_lines": 0, "excluded_lines": 0, "percent_statements_covered": 100.0, "percent_statements_covered_display": "100"}, "missing_lines": [], "excluded_lines": [], "start_line": 1}}, "classes": {"CategoryContentForm": {"executed_lines": [], "summary": {"covered_lines": 0, "num_statements": 0, "percent_covered": 100.0, "percent_covered_display": "100", "missing_lines": 0, "excluded_lines": 0, "percent_statements_covered": 100.0, "percent_statements_covered_display": "100"}, "missing_lines": [], "excluded_lines": [], "start_line": 5}, "CategoryContentForm.Meta": {"executed_lines": [], "summary": {"covered_lines": 0, "num_statements": 0, "percent_covered": 100.0, "percent_covered_display": "100", "missing_lines": 0, "excluded_lines": 0, "percent_statements_covered": 100.0, "percent_statements_covered_display": "100"}, "missing_lines": [], "excluded_lines": [], "start_line": 6}, "": {"executed_lines": [1, 2, 5, 6, 7, 8], "summary": {"covered_lines": 6, "num_statements": 6, "percent_covered": 100.0, "percent_covered_display": "100", "missing_lines": 0, "excluded_lines": 0, "percent_statements_covered": 100.0, "percent_statements_covered_display": "100"}, "missing_lines": [], "excluded_lines": [], "start_line": 1}}}, "app01/forms/info_collect.py": {"executed_lines": [1, 2, 4, 5, 6, 7, 8, 14, 17, 18, 19, 20, 22], "summary": {"covered_lines": 13, "num_statements": 17, "percent_covered": 76.47058823529412, "percent_covered_display": "76", "missing_lines": 4, "excluded_lines": 0, "percent_statements_covered": 76.47058823529412, "percent_statements_covered_display": "76"}, "missing_lines": [23, 24, 25, 26], "excluded_lines": [], "functions": {"InfoSubmissionForm.__init__": {"executed_lines": [], "summary": {"covered_lines": 0, "num_statements": 4, "percent_covered": 0.0, "percent_covered_display": "0", "missing_lines": 4, "excluded_lines": 0, "percent_statements_covered": 0.0, "percent_statements_covered_display": "0"}, "missing_lines": [23, 24, 25, 26], "excluded_lines": [], "start_line": 22}, "": {"executed_lines": [1, 2, 4, 5, 6, 7, 8, 14, 17, 18, 19, 20, 22], "summary": {"covered_lines": 13, "num_statements": 13, "percent_covered": 100.0, "percent_covered_display": "100", "missing_lines": 0, "excluded_lines": 0, "percent_statements_covered": 100.0, "percent_statements_covered_display": "100"}, "missing_lines": [], "excluded_lines": [], "start_line": 1}}, "classes": {"InfoCollectForm": {"executed_lines": [], "summary": {"covered_lines": 0, "num_statements": 0, "percent_covered": 100.0, "percent_covered_display": "100", "missing_lines": 0, "excluded_lines": 0, "percent_statements_covered": 100.0, "percent_statements_covered_display": "100"}, "missing_lines": [], "excluded_lines": [], "start_line": 4}, "InfoSubmissionForm": {"executed_lines": [], "summary": {"covered_lines": 0, "num_statements": 4, "percent_covered": 0.0, "percent_covered_display": "0", "missing_lines": 4, "excluded_lines": 0, "percent_statements_covered": 0.0, "percent_statements_covered_display": "0"}, "missing_lines": [23, 24, 25, 26], "excluded_lines": [], "start_line": 17}, "InfoSubmissionForm.Meta": {"executed_lines": [], "summary": {"covered_lines": 0, "num_statements": 0, "percent_covered": 100.0, "percent_covered_display": "100", "missing_lines": 0, "excluded_lines": 0, "percent_statements_covered": 100.0, "percent_statements_covered_display": "100"}, "missing_lines": [], "excluded_lines": [], "start_line": 18}, "": {"executed_lines": [1, 2, 4, 5, 6, 7, 8, 14, 17, 18, 19, 20, 22], "summary": {"covered_lines": 13, "num_statements": 13, "percent_covered": 100.0, "percent_covered_display": "100", "missing_lines": 0, "excluded_lines": 0, "percent_statements_covered": 100.0, "percent_statements_covered_display": "100"}, "missing_lines": [], "excluded_lines": [], "start_line": 1}}}, "app01/forms/inventory.py": {"executed_lines": [1, 2, 3, 6, 7, 8, 9, 10, 14], "summary": {"covered_lines": 9, "num_statements": 19, "percent_covered": 47.36842105263158, "percent_covered_display": "47", "missing_lines": 10, "excluded_lines": 0, "percent_statements_covered": 47.36842105263158, "percent_statements_covered_display": "47"}, "missing_lines": [15, 17, 29, 30, 32, 34, 35, 37, 40, 41], "excluded_lines": [], "functions": {"ExplosiveInventoryItemForm.__init__": {"executed_lines": [], "summary": {"covered_lines": 0, "num_statements": 10, "percent_covered": 0.0, "percent_covered_display": "0", "missing_lines": 10, "excluded_lines": 0, "percent_statements_covered": 0.0, "percent_statements_covered_display": "0"}, "missing_lines": [15, 17, 29, 30, 32, 34, 35, 37, 40, 41], "excluded_lines": [], "start_line": 14}, "": {"executed_lines": [1, 2, 3, 6, 7, 8, 9, 10, 14], "summary": {"covered_lines": 9, "num_statements": 9, "percent_covered": 100.0, "percent_covered_display": "100", "missing_lines": 0, "excluded_lines": 0, "percent_statements_covered": 100.0, "percent_statements_covered_display": "100"}, "missing_lines": [], "excluded_lines": [], "start_line": 1}}, "classes": {"ExplosiveInventoryItemForm": {"executed_lines": [], "summary": {"covered_lines": 0, "num_statements": 10, "percent_covered": 0.0, "percent_covered_display": "0", "missing_lines": 10, "excluded_lines": 0, "percent_statements_covered": 0.0, "percent_statements_covered_display": "0"}, "missing_lines": [15, 17, 29, 30, 32, 34, 35, 37, 40, 41], "excluded_lines": [], "start_line": 6}, "ExplosiveInventoryItemForm.Meta": {"executed_lines": [], "summary": {"covered_lines": 0, "num_statements": 0, "percent_covered": 100.0, "percent_covered_display": "100", "missing_lines": 0, "excluded_lines": 0, "percent_statements_covered": 100.0, "percent_statements_covered_display": "100"}, "missing_lines": [], "excluded_lines": [], "start_line": 7}, "": {"executed_lines": [1, 2, 3, 6, 7, 8, 9, 10, 14], "summary": {"covered_lines": 9, "num_statements": 9, "percent_covered": 100.0, "percent_covered_display": "100", "missing_lines": 0, "excluded_lines": 0, "percent_statements_covered": 100.0, "percent_statements_covered_display": "100"}, "missing_lines": [], "excluded_lines": [], "start_line": 1}}}, "app01/forms/quiz.py": {"executed_lines": [], "summary": {"covered_lines": 0, "num_statements": 0, "percent_covered": 100.0, "percent_covered_display": "100", "missing_lines": 0, "excluded_lines": 0, "percent_statements_covered": 100.0, "percent_statements_covered_display": "100"}, "missing_lines": [], "excluded_lines": [], "functions": {"": {"executed_lines": [], "summary": {"covered_lines": 0, "num_statements": 0, "percent_covered": 100.0, "percent_covered_display": "100", "missing_lines": 0, "excluded_lines": 0, "percent_statements_covered": 100.0, "percent_statements_covered_display": "100"}, "missing_lines": [], "excluded_lines": [], "start_line": 1}}, "classes": {"": {"executed_lines": [], "summary": {"covered_lines": 0, "num_statements": 0, "percent_covered": 100.0, "percent_covered_display": "100", "missing_lines": 0, "excluded_lines": 0, "percent_statements_covered": 100.0, "percent_statements_covered_display": "100"}, "missing_lines": [], "excluded_lines": [], "start_line": 1}}}, "app01/forms/staff.py": {"executed_lines": [1, 2, 3, 4, 5, 6, 9, 10, 11, 12, 15, 16, 17, 19, 30, 31, 32, 33, 35, 36, 38, 42, 50, 59], "summary": {"covered_lines": 24, "num_statements": 43, "percent_covered": 55.81395348837209, "percent_covered_display": "56", "missing_lines": 19, "excluded_lines": 0, "percent_statements_covered": 55.81395348837209, "percent_statements_covered_display": "56"}, "missing_lines": [39, 40, 43, 44, 45, 46, 47, 48, 51, 52, 54, 55, 56, 60, 61, 62, 63, 65, 66], "excluded_lines": [], "functions": {"Staff.clean_password": {"executed_lines": [], "summary": {"covered_lines": 0, "num_statements": 2, "percent_covered": 0.0, "percent_covered_display": "0", "missing_lines": 2, "excluded_lines": 0, "percent_statements_covered": 0.0, "percent_statements_covered_display": "0"}, "missing_lines": [39, 40], "excluded_lines": [], "start_line": 38}, "Staff.clean_password_": {"executed_lines": [], "summary": {"covered_lines": 0, "num_statements": 6, "percent_covered": 0.0, "percent_covered_display": "0", "missing_lines": 6, "excluded_lines": 0, "percent_statements_covered": 0.0, "percent_statements_covered_display": "0"}, "missing_lines": [43, 44, 45, 46, 47, 48], "excluded_lines": [], "start_line": 42}, "Staff.clean": {"executed_lines": [], "summary": {"covered_lines": 0, "num_statements": 5, "percent_covered": 0.0, "percent_covered_display": "0", "missing_lines": 5, "excluded_lines": 0, "percent_statements_covered": 0.0, "percent_statements_covered_display": "0"}, "missing_lines": [51, 52, 54, 55, 56], "excluded_lines": [], "start_line": 50}, "Staff.clean_avatar": {"executed_lines": [], "summary": {"covered_lines": 0, "num_statements": 6, "percent_covered": 0.0, "percent_covered_display": "0", "missing_lines": 6, "excluded_lines": 0, "percent_statements_covered": 0.0, "percent_statements_covered_display": "0"}, "missing_lines": [60, 61, 62, 63, 65, 66], "excluded_lines": [], "start_line": 59}, "": {"executed_lines": [1, 2, 3, 4, 5, 6, 9, 10, 11, 12, 15, 16, 17, 19, 30, 31, 32, 33, 35, 36, 38, 42, 50, 59], "summary": {"covered_lines": 24, "num_statements": 24, "percent_covered": 100.0, "percent_covered_display": "100", "missing_lines": 0, "excluded_lines": 0, "percent_statements_covered": 100.0, "percent_statements_covered_display": "100"}, "missing_lines": [], "excluded_lines": [], "start_line": 1}}, "classes": {"StaffFilter": {"executed_lines": [], "summary": {"covered_lines": 0, "num_statements": 0, "percent_covered": 100.0, "percent_covered_display": "100", "missing_lines": 0, "excluded_lines": 0, "percent_statements_covered": 100.0, "percent_statements_covered_display": "100"}, "missing_lines": [], "excluded_lines": [], "start_line": 9}, "StaffFilter.Meta": {"executed_lines": [], "summary": {"covered_lines": 0, "num_statements": 0, "percent_covered": 100.0, "percent_covered_display": "100", "missing_lines": 0, "excluded_lines": 0, "percent_statements_covered": 100.0, "percent_statements_covered_display": "100"}, "missing_lines": [], "excluded_lines": [], "start_line": 10}, "Staff": {"executed_lines": [], "summary": {"covered_lines": 0, "num_statements": 19, "percent_covered": 0.0, "percent_covered_display": "0", "missing_lines": 19, "excluded_lines": 0, "percent_statements_covered": 0.0, "percent_statements_covered_display": "0"}, "missing_lines": [39, 40, 43, 44, 45, 46, 47, 48, 51, 52, 54, 55, 56, 60, 61, 62, 63, 65, 66], "excluded_lines": [], "start_line": 15}, "Staff.Meta": {"executed_lines": [], "summary": {"covered_lines": 0, "num_statements": 0, "percent_covered": 100.0, "percent_covered_display": "100", "missing_lines": 0, "excluded_lines": 0, "percent_statements_covered": 100.0, "percent_statements_covered_display": "100"}, "missing_lines": [], "excluded_lines": [], "start_line": 30}, "": {"executed_lines": [1, 2, 3, 4, 5, 6, 9, 10, 11, 12, 15, 16, 17, 19, 30, 31, 32, 33, 35, 36, 38, 42, 50, 59], "summary": {"covered_lines": 24, "num_statements": 24, "percent_covered": 100.0, "percent_covered_display": "100", "missing_lines": 0, "excluded_lines": 0, "percent_statements_covered": 100.0, "percent_statements_covered_display": "100"}, "missing_lines": [], "excluded_lines": [], "start_line": 1}}}, "app01/forms/weighing.py": {"executed_lines": [1, 2, 5, 6, 7, 8, 9, 17], "summary": {"covered_lines": 8, "num_statements": 12, "percent_covered": 66.66666666666667, "percent_covered_display": "67", "missing_lines": 4, "excluded_lines": 0, "percent_statements_covered": 66.66666666666667, "percent_statements_covered_display": "67"}, "missing_lines": [18, 20, 21, 24], "excluded_lines": [], "functions": {"WeighingRecordForm.__init__": {"executed_lines": [], "summary": {"covered_lines": 0, "num_statements": 4, "percent_covered": 0.0, "percent_covered_display": "0", "missing_lines": 4, "excluded_lines": 0, "percent_statements_covered": 0.0, "percent_statements_covered_display": "0"}, "missing_lines": [18, 20, 21, 24], "excluded_lines": [], "start_line": 17}, "": {"executed_lines": [1, 2, 5, 6, 7, 8, 9, 17], "summary": {"covered_lines": 8, "num_statements": 8, "percent_covered": 100.0, "percent_covered_display": "100", "missing_lines": 0, "excluded_lines": 0, "percent_statements_covered": 100.0, "percent_statements_covered_display": "100"}, "missing_lines": [], "excluded_lines": [], "start_line": 1}}, "classes": {"WeighingRecordForm": {"executed_lines": [], "summary": {"covered_lines": 0, "num_statements": 4, "percent_covered": 0.0, "percent_covered_display": "0", "missing_lines": 4, "excluded_lines": 0, "percent_statements_covered": 0.0, "percent_statements_covered_display": "0"}, "missing_lines": [18, 20, 21, 24], "excluded_lines": [], "start_line": 5}, "WeighingRecordForm.Meta": {"executed_lines": [], "summary": {"covered_lines": 0, "num_statements": 0, "percent_covered": 100.0, "percent_covered_display": "100", "missing_lines": 0, "excluded_lines": 0, "percent_statements_covered": 100.0, "percent_statements_covered_display": "100"}, "missing_lines": [], "excluded_lines": [], "start_line": 6}, "": {"executed_lines": [1, 2, 5, 6, 7, 8, 9, 17], "summary": {"covered_lines": 8, "num_statements": 8, "percent_covered": 100.0, "percent_covered_display": "100", "missing_lines": 0, "excluded_lines": 0, "percent_statements_covered": 100.0, "percent_statements_covered_display": "100"}, "missing_lines": [], "excluded_lines": [], "start_line": 1}}}, "app01/func.py": {"executed_lines": [2, 3, 4, 5, 6, 7, 8, 9, 10, 11, 12, 13, 14, 15, 16, 17, 18, 19, 20, 21, 22, 23, 24, 26, 27, 28, 31, 32, 33, 34, 36, 42, 86, 87, 88, 89, 91, 92, 93, 94, 100, 101, 102, 103, 105, 106, 107, 108, 109, 110, 112, 114, 123, 124, 125, 127, 131, 146, 161, 164, 190, 240, 287, 318, 340, 348, 357, 384, 435, 467, 496, 512, 564, 591, 597, 606, 619, 667, 751, 833, 856, 857, 858, 861, 862, 863, 864, 865, 866, 867, 868, 869, 870, 871, 872, 873, 874, 875, 878, 880], "summary": {"covered_lines": 100, "num_statements": 452, "percent_covered": 22.123893805309734, "percent_covered_display": "22", "missing_lines": 352, "excluded_lines": 0, "percent_statements_covered": 22.123893805309734, "percent_statements_covered_display": "22"}, "missing_lines": [43, 44, 45, 46, 47, 51, 52, 53, 54, 55, 56, 115, 116, 117, 119, 132, 133, 136, 137, 138, 139, 141, 142, 143, 147, 148, 151, 152, 153, 154, 156, 157, 158, 166, 167, 169, 171, 172, 173, 174, 175, 176, 178, 179, 181, 183, 185, 187, 192, 193, 195, 196, 198, 199, 202, 207, 209, 213, 221, 230, 233, 236, 242, 243, 245, 246, 247, 248, 251, 256, 258, 262, 263, 268, 277, 280, 283, 288, 289, 290, 292, 293, 294, 295, 296, 298, 299, 300, 301, 307, 311, 312, 313, 314, 315, 316, 317, 319, 321, 322, 324, 327, 329, 330, 333, 334, 335, 336, 337, 338, 341, 346, 349, 351, 352, 353, 354, 355, 358, 360, 361, 364, 365, 367, 373, 375, 376, 377, 378, 381, 385, 386, 387, 388, 389, 391, 393, 395, 397, 400, 401, 402, 403, 404, 405, 407, 413, 415, 417, 418, 420, 421, 422, 423, 424, 426, 428, 430, 432, 436, 440, 443, 444, 446, 447, 448, 449, 450, 452, 453, 454, 455, 456, 457, 461, 464, 469, 470, 472, 473, 474, 476, 478, 479, 480, 481, 482, 483, 485, 486, 488, 489, 490, 491, 492, 493, 497, 499, 500, 501, 503, 504, 505, 508, 514, 516, 518, 520, 522, 525, 526, 527, 528, 529, 530, 532, 538, 540, 542, 543, 545, 546, 547, 548, 549, 551, 552, 553, 554, 556, 557, 558, 559, 560, 566, 567, 568, 570, 571, 572, 573, 574, 575, 576, 577, 578, 579, 582, 584, 585, 592, 593, 598, 599, 600, 601, 602, 609, 610, 612, 613, 615, 617, 620, 621, 622, 625, 626, 627, 628, 630, 631, 634, 635, 637, 638, 639, 640, 643, 644, 645, 646, 647, 648, 649, 652, 664, 669, 670, 671, 673, 675, 676, 679, 680, 681, 682, 683, 685, 686, 687, 689, 690, 691, 692, 693, 694, 695, 696, 698, 699, 700, 701, 702, 703, 704, 707, 708, 715, 716, 717, 718, 719, 724, 725, 727, 731, 749, 752, 753, 814, 826, 827, 828, 830, 835, 836, 837, 838, 839, 841, 843, 845, 846, 847, 848, 849, 850, 851, 852, 853, 854], "excluded_lines": [], "functions": {"\u5408\u540c": {"executed_lines": [], "summary": {"covered_lines": 0, "num_statements": 11, "percent_covered": 0.0, "percent_covered_display": "0", "missing_lines": 11, "excluded_lines": 0, "percent_statements_covered": 0.0, "percent_statements_covered_display": "0"}, "missing_lines": [43, 44, 45, 46, 47, 51, 52, 53, 54, 55, 56], "excluded_lines": [], "start_line": 42}, "find_chinese": {"executed_lines": [87, 88, 89], "summary": {"covered_lines": 3, "num_statements": 3, "percent_covered": 100.0, "percent_covered_display": "100", "missing_lines": 0, "excluded_lines": 0, "percent_statements_covered": 100.0, "percent_statements_covered_display": "100"}, "missing_lines": [], "excluded_lines": [], "start_line": 86}, "find_unchinese": {"executed_lines": [92, 93, 94], "summary": {"covered_lines": 3, "num_statements": 3, "percent_covered": 100.0, "percent_covered_display": "100", "missing_lines": 0, "excluded_lines": 0, "percent_statements_covered": 100.0, "percent_statements_covered_display": "100"}, "missing_lines": [], "excluded_lines": [], "start_line": 91}, "df_max": {"executed_lines": [101, 102, 103], "summary": {"covered_lines": 3, "num_statements": 3, "percent_covered": 100.0, "percent_covered_display": "100", "missing_lines": 0, "excluded_lines": 0, "percent_statements_covered": 100.0, "percent_statements_covered_display": "100"}, "missing_lines": [], "excluded_lines": [], "start_line": 100}, "DataFrame": {"executed_lines": [106, 107], "summary": {"covered_lines": 2, "num_statements": 2, "percent_covered": 100.0, "percent_covered_display": "100", "missing_lines": 0, "excluded_lines": 0, "percent_statements_covered": 100.0, "percent_statements_covered_display": "100"}, "missing_lines": [], "excluded_lines": [], "start_line": 105}, "dframe": {"executed_lines": [109, 110, 112], "summary": {"covered_lines": 3, "num_statements": 3, "percent_covered": 100.0, "percent_covered_display": "100", "missing_lines": 0, "excluded_lines": 0, "percent_statements_covered": 100.0, "percent_statements_covered_display": "100"}, "missing_lines": [], "excluded_lines": [], "start_line": 108}, "run_dframe": {"executed_lines": [], "summary": {"covered_lines": 0, "num_statements": 4, "percent_covered": 0.0, "percent_covered_display": "0", "missing_lines": 4, "excluded_lines": 0, "percent_statements_covered": 0.0, "percent_statements_covered_display": "0"}, "missing_lines": [115, 116, 117, 119], "excluded_lines": [], "start_line": 114}, "df_ident": {"executed_lines": [124, 125, 127], "summary": {"covered_lines": 3, "num_statements": 3, "percent_covered": 100.0, "percent_covered_display": "100", "missing_lines": 0, "excluded_lines": 0, "percent_statements_covered": 100.0, "percent_statements_covered_display": "100"}, "missing_lines": [], "excluded_lines": [], "start_line": 123}, "add_list": {"executed_lines": [], "summary": {"covered_lines": 0, "num_statements": 3, "percent_covered": 0.0, "percent_covered_display": "0", "missing_lines": 3, "excluded_lines": 0, "percent_statements_covered": 0.0, "percent_statements_covered_display": "0"}, "missing_lines": [132, 133, 143], "excluded_lines": [], "start_line": 131}, "add_list.check": {"executed_lines": [], "summary": {"covered_lines": 0, "num_statements": 6, "percent_covered": 0.0, "percent_covered_display": "0", "missing_lines": 6, "excluded_lines": 0, "percent_statements_covered": 0.0, "percent_statements_covered_display": "0"}, "missing_lines": [136, 137, 138, 139, 141, 142], "excluded_lines": [], "start_line": 133}, "url_check": {"executed_lines": [], "summary": {"covered_lines": 0, "num_statements": 3, "percent_covered": 0.0, "percent_covered_display": "0", "missing_lines": 3, "excluded_lines": 0, "percent_statements_covered": 0.0, "percent_statements_covered_display": "0"}, "missing_lines": [147, 148, 158], "excluded_lines": [], "start_line": 146}, "url_check.check": {"executed_lines": [], "summary": {"covered_lines": 0, "num_statements": 6, "percent_covered": 0.0, "percent_covered_display": "0", "missing_lines": 6, "excluded_lines": 0, "percent_statements_covered": 0.0, "percent_statements_covered_display": "0"}, "missing_lines": [151, 152, 153, 154, 156, 157], "excluded_lines": [], "start_line": 148}, "tu_128": {"executed_lines": [], "summary": {"covered_lines": 0, "num_statements": 15, "percent_covered": 0.0, "percent_covered_display": "0", "missing_lines": 15, "excluded_lines": 0, "percent_statements_covered": 0.0, "percent_statements_covered_display": "0"}, "missing_lines": [166, 167, 169, 171, 172, 173, 174, 175, 176, 178, 179, 181, 183, 185, 187], "excluded_lines": [], "start_line": 164}, "line_range": {"executed_lines": [], "summary": {"covered_lines": 0, "num_statements": 14, "percent_covered": 0.0, "percent_covered_display": "0", "missing_lines": 14, "excluded_lines": 0, "percent_statements_covered": 0.0, "percent_statements_covered_display": "0"}, "missing_lines": [192, 193, 195, 196, 198, 199, 202, 207, 209, 213, 221, 230, 233, 236], "excluded_lines": [], "start_line": 190}, "line_n": {"executed_lines": [], "summary": {"covered_lines": 0, "num_statements": 15, "percent_covered": 0.0, "percent_covered_display": "0", "missing_lines": 15, "excluded_lines": 0, "percent_statements_covered": 0.0, "percent_statements_covered_display": "0"}, "missing_lines": [242, 243, 245, 246, 247, 248, 251, 256, 258, 262, 263, 268, 277, 280, 283], "excluded_lines": [], "start_line": 240}, "hr1": {"executed_lines": [], "summary": {"covered_lines": 0, "num_statements": 20, "percent_covered": 0.0, "percent_covered_display": "0", "missing_lines": 20, "excluded_lines": 0, "percent_statements_covered": 0.0, "percent_statements_covered_display": "0"}, "missing_lines": [288, 289, 290, 292, 293, 294, 295, 296, 298, 299, 300, 301, 307, 311, 312, 313, 314, 315, 316, 317], "excluded_lines": [], "start_line": 287}, "hr": {"executed_lines": [], "summary": {"covered_lines": 0, "num_statements": 13, "percent_covered": 0.0, "percent_covered_display": "0", "missing_lines": 13, "excluded_lines": 0, "percent_statements_covered": 0.0, "percent_statements_covered_display": "0"}, "missing_lines": [319, 321, 322, 324, 327, 329, 330, 333, 334, 335, 336, 337, 338], "excluded_lines": [], "start_line": 318}, "meituan": {"executed_lines": [], "summary": {"covered_lines": 0, "num_statements": 2, "percent_covered": 0.0, "percent_covered_display": "0", "missing_lines": 2, "excluded_lines": 0, "percent_statements_covered": 0.0, "percent_statements_covered_display": "0"}, "missing_lines": [341, 346], "excluded_lines": [], "start_line": 340}, "meituan_df": {"executed_lines": [], "summary": {"covered_lines": 0, "num_statements": 6, "percent_covered": 0.0, "percent_covered_display": "0", "missing_lines": 6, "excluded_lines": 0, "percent_statements_covered": 0.0, "percent_statements_covered_display": "0"}, "missing_lines": [349, 351, 352, 353, 354, 355], "excluded_lines": [], "start_line": 348}, "meituan2": {"executed_lines": [], "summary": {"covered_lines": 0, "num_statements": 12, "percent_covered": 0.0, "percent_covered_display": "0", "missing_lines": 12, "excluded_lines": 0, "percent_statements_covered": 0.0, "percent_statements_covered_display": "0"}, "missing_lines": [358, 360, 361, 364, 365, 367, 373, 375, 376, 377, 378, 381], "excluded_lines": [], "start_line": 357}, "lst": {"executed_lines": [], "summary": {"covered_lines": 0, "num_statements": 29, "percent_covered": 0.0, "percent_covered_display": "0", "missing_lines": 29, "excluded_lines": 0, "percent_statements_covered": 0.0, "percent_statements_covered_display": "0"}, "missing_lines": [385, 386, 387, 388, 389, 391, 393, 395, 397, 400, 401, 402, 403, 404, 405, 407, 413, 415, 417, 418, 420, 421, 422, 423, 424, 426, 428, 430, 432], "excluded_lines": [], "start_line": 384}, "Textcolor": {"executed_lines": [], "summary": {"covered_lines": 0, "num_statements": 17, "percent_covered": 0.0, "percent_covered_display": "0", "missing_lines": 17, "excluded_lines": 0, "percent_statements_covered": 0.0, "percent_statements_covered_display": "0"}, "missing_lines": [436, 440, 443, 444, 446, 447, 448, 449, 450, 452, 453, 454, 455, 456, 457, 461, 464], "excluded_lines": [], "start_line": 435}, "No_24": {"executed_lines": [], "summary": {"covered_lines": 0, "num_statements": 20, "percent_covered": 0.0, "percent_covered_display": "0", "missing_lines": 20, "excluded_lines": 0, "percent_statements_covered": 0.0, "percent_statements_covered_display": "0"}, "missing_lines": [469, 470, 472, 473, 474, 476, 478, 479, 480, 481, 482, 483, 485, 486, 488, 489, 490, 491, 492, 493], "excluded_lines": [], "start_line": 467}, "table": {"executed_lines": [], "summary": {"covered_lines": 0, "num_statements": 8, "percent_covered": 0.0, "percent_covered_display": "0", "missing_lines": 8, "excluded_lines": 0, "percent_statements_covered": 0.0, "percent_statements_covered_display": "0"}, "missing_lines": [497, 499, 500, 501, 503, 504, 505, 508], "excluded_lines": [], "start_line": 496}, "Answer": {"executed_lines": [], "summary": {"covered_lines": 0, "num_statements": 30, "percent_covered": 0.0, "percent_covered_display": "0", "missing_lines": 30, "excluded_lines": 0, "percent_statements_covered": 0.0, "percent_statements_covered_display": "0"}, "missing_lines": [514, 516, 518, 520, 522, 525, 526, 527, 528, 529, 530, 532, 538, 540, 542, 543, 545, 546, 547, 548, 549, 551, 552, 553, 554, 556, 557, 558, 559, 560], "excluded_lines": [], "start_line": 512}, "txt2mp3": {"executed_lines": [], "summary": {"covered_lines": 0, "num_statements": 16, "percent_covered": 0.0, "percent_covered_display": "0", "missing_lines": 16, "excluded_lines": 0, "percent_statements_covered": 0.0, "percent_statements_covered_display": "0"}, "missing_lines": [566, 567, 568, 570, 571, 572, 573, 574, 575, 576, 577, 578, 579, 582, 584, 585], "excluded_lines": [], "start_line": 564}, "get_file_content": {"executed_lines": [], "summary": {"covered_lines": 0, "num_statements": 2, "percent_covered": 0.0, "percent_covered_display": "0", "missing_lines": 2, "excluded_lines": 0, "percent_statements_covered": 0.0, "percent_statements_covered_display": "0"}, "missing_lines": [592, 593], "excluded_lines": [], "start_line": 591}, "\u9ad8\u7cbe\u5ea6": {"executed_lines": [], "summary": {"covered_lines": 0, "num_statements": 5, "percent_covered": 0.0, "percent_covered_display": "0", "missing_lines": 5, "excluded_lines": 0, "percent_statements_covered": 0.0, "percent_statements_covered_display": "0"}, "missing_lines": [598, 599, 600, 601, 602], "excluded_lines": [], "start_line": 597}, "Ocr": {"executed_lines": [], "summary": {"covered_lines": 0, "num_statements": 6, "percent_covered": 0.0, "percent_covered_display": "0", "missing_lines": 6, "excluded_lines": 0, "percent_statements_covered": 0.0, "percent_statements_covered_display": "0"}, "missing_lines": [609, 610, 612, 613, 615, 617], "excluded_lines": [], "start_line": 606}, "Safe_sankey": {"executed_lines": [], "summary": {"covered_lines": 0, "num_statements": 24, "percent_covered": 0.0, "percent_covered_display": "0", "missing_lines": 24, "excluded_lines": 0, "percent_statements_covered": 0.0, "percent_statements_covered_display": "0"}, "missing_lines": [620, 621, 622, 625, 626, 627, 628, 630, 631, 634, 635, 637, 638, 639, 640, 643, 644, 645, 646, 647, 648, 649, 652, 664], "excluded_lines": [], "start_line": 619}, "guanxitu": {"executed_lines": [], "summary": {"covered_lines": 0, "num_statements": 41, "percent_covered": 0.0, "percent_covered_display": "0", "missing_lines": 41, "excluded_lines": 0, "percent_statements_covered": 0.0, "percent_statements_covered_display": "0"}, "missing_lines": [669, 670, 671, 673, 675, 676, 679, 680, 681, 682, 683, 685, 686, 687, 689, 690, 691, 692, 693, 694, 695, 696, 698, 699, 700, 701, 702, 703, 704, 707, 708, 715, 716, 717, 718, 719, 724, 725, 727, 731, 749], "excluded_lines": [], "start_line": 667}, "run_line": {"executed_lines": [], "summary": {"covered_lines": 0, "num_statements": 7, "percent_covered": 0.0, "percent_covered_display": "0", "missing_lines": 7, "excluded_lines": 0, "percent_statements_covered": 0.0, "percent_statements_covered_display": "0"}, "missing_lines": [752, 753, 814, 826, 827, 828, 830], "excluded_lines": [], "start_line": 751}, "fen": {"executed_lines": [], "summary": {"covered_lines": 0, "num_statements": 17, "percent_covered": 0.0, "percent_covered_display": "0", "missing_lines": 17, "excluded_lines": 0, "percent_statements_covered": 0.0, "percent_statements_covered_display": "0"}, "missing_lines": [835, 836, 837, 838, 839, 841, 843, 845, 846, 847, 848, 849, 850, 851, 852, 853, 854], "excluded_lines": [], "start_line": 833}, "bpzd": {"executed_lines": [857, 858, 861, 862, 863, 864, 865, 866, 867, 868, 869, 870, 871, 872, 873, 874, 875, 878, 880], "summary": {"covered_lines": 19, "num_statements": 19, "percent_covered": 100.0, "percent_covered_display": "100", "missing_lines": 0, "excluded_lines": 0, "percent_statements_covered": 100.0, "percent_statements_covered_display": "100"}, "missing_lines": [], "excluded_lines": [], "start_line": 856}, "": {"executed_lines": [2, 3, 4, 5, 6, 7, 8, 9, 10, 11, 12, 13, 14, 15, 16, 17, 18, 19, 20, 21, 22, 23, 24, 26, 27, 28, 31, 32, 33, 34, 36, 42, 86, 91, 100, 105, 108, 114, 123, 131, 146, 161, 164, 190, 240, 287, 318, 340, 348, 357, 384, 435, 467, 496, 512, 564, 591, 597, 606, 619, 667, 751, 833, 856], "summary": {"covered_lines": 64, "num_statements": 64, "percent_covered": 100.0, "percent_covered_display": "100", "missing_lines": 0, "excluded_lines": 0, "percent_statements_covered": 100.0, "percent_statements_covered_display": "100"}, "missing_lines": [], "excluded_lines": [], "start_line": 1}}, "classes": {"": {"executed_lines": [2, 3, 4, 5, 6, 7, 8, 9, 10, 11, 12, 13, 14, 15, 16, 17, 18, 19, 20, 21, 22, 23, 24, 26, 27, 28, 31, 32, 33, 34, 36, 42, 86, 87, 88, 89, 91, 92, 93, 94, 100, 101, 102, 103, 105, 106, 107, 108, 109, 110, 112, 114, 123, 124, 125, 127, 131, 146, 161, 164, 190, 240, 287, 318, 340, 348, 357, 384, 435, 467, 496, 512, 564, 591, 597, 606, 619, 667, 751, 833, 856, 857, 858, 861, 862, 863, 864, 865, 866, 867, 868, 869, 870, 871, 872, 873, 874, 875, 878, 880], "summary": {"covered_lines": 100, "num_statements": 452, "percent_covered": 22.123893805309734, "percent_covered_display": "22", "missing_lines": 352, "excluded_lines": 0, "percent_statements_covered": 22.123893805309734, "percent_statements_covered_display": "22"}, "missing_lines": [43, 44, 45, 46, 47, 51, 52, 53, 54, 55, 56, 115, 116, 117, 119, 132, 133, 136, 137, 138, 139, 141, 142, 143, 147, 148, 151, 152, 153, 154, 156, 157, 158, 166, 167, 169, 171, 172, 173, 174, 175, 176, 178, 179, 181, 183, 185, 187, 192, 193, 195, 196, 198, 199, 202, 207, 209, 213, 221, 230, 233, 236, 242, 243, 245, 246, 247, 248, 251, 256, 258, 262, 263, 268, 277, 280, 283, 288, 289, 290, 292, 293, 294, 295, 296, 298, 299, 300, 301, 307, 311, 312, 313, 314, 315, 316, 317, 319, 321, 322, 324, 327, 329, 330, 333, 334, 335, 336, 337, 338, 341, 346, 349, 351, 352, 353, 354, 355, 358, 360, 361, 364, 365, 367, 373, 375, 376, 377, 378, 381, 385, 386, 387, 388, 389, 391, 393, 395, 397, 400, 401, 402, 403, 404, 405, 407, 413, 415, 417, 418, 420, 421, 422, 423, 424, 426, 428, 430, 432, 436, 440, 443, 444, 446, 447, 448, 449, 450, 452, 453, 454, 455, 456, 457, 461, 464, 469, 470, 472, 473, 474, 476, 478, 479, 480, 481, 482, 483, 485, 486, 488, 489, 490, 491, 492, 493, 497, 499, 500, 501, 503, 504, 505, 508, 514, 516, 518, 520, 522, 525, 526, 527, 528, 529, 530, 532, 538, 540, 542, 543, 545, 546, 547, 548, 549, 551, 552, 553, 554, 556, 557, 558, 559, 560, 566, 567, 568, 570, 571, 572, 573, 574, 575, 576, 577, 578, 579, 582, 584, 585, 592, 593, 598, 599, 600, 601, 602, 609, 610, 612, 613, 615, 617, 620, 621, 622, 625, 626, 627, 628, 630, 631, 634, 635, 637, 638, 639, 640, 643, 644, 645, 646, 647, 648, 649, 652, 664, 669, 670, 671, 673, 675, 676, 679, 680, 681, 682, 683, 685, 686, 687, 689, 690, 691, 692, 693, 694, 695, 696, 698, 699, 700, 701, 702, 703, 704, 707, 708, 715, 716, 717, 718, 719, 724, 725, 727, 731, 749, 752, 753, 814, 826, 827, 828, 830, 835, 836, 837, 838, 839, 841, 843, 845, 846, 847, 848, 849, 850, 851, 852, 853, 854], "excluded_lines": [], "start_line": 1}}}, "app01/image_utils.py": {"executed_lines": [1, 2, 3, 4, 5, 6, 7, 10, 11, 13, 15, 16, 17, 18, 19, 21, 27, 28, 31, 32, 34, 35, 36, 39, 46, 53, 55, 56, 59, 83, 90, 97, 109, 160, 191, 238], "summary": {"covered_lines": 36, "num_statements": 179, "percent_covered": 20.11173184357542, "percent_covered_display": "20", "missing_lines": 143, "excluded_lines": 0, "percent_statements_covered": 20.11173184357542, "percent_statements_covered_display": "20"}, "missing_lines": [61, 63, 64, 66, 68, 69, 70, 71, 72, 73, 75, 76, 78, 79, 80, 84, 85, 86, 87, 91, 92, 93, 94, 99, 100, 101, 103, 104, 105, 106, 111, 112, 113, 114, 115, 117, 119, 120, 123, 124, 125, 127, 128, 129, 131, 132, 133, 134, 135, 137, 138, 139, 140, 142, 143, 144, 145, 147, 148, 149, 150, 151, 152, 154, 155, 156, 157, 162, 163, 165, 166, 169, 170, 171, 172, 173, 174, 175, 178, 179, 180, 181, 182, 183, 185, 186, 187, 188, 193, 194, 196, 197, 198, 200, 201, 202, 204, 205, 208, 209, 210, 211, 214, 215, 216, 217, 220, 221, 224, 225, 226, 227, 229, 235, 240, 241, 243, 244, 245, 247, 248, 249, 251, 252, 253, 255, 256, 258, 259, 260, 261, 263, 264, 265, 266, 268, 269, 270, 273, 274, 275, 277, 278], "excluded_lines": [], "functions": {"_parse_hex_color": {"executed_lines": [55, 56], "summary": {"covered_lines": 2, "num_statements": 2, "percent_covered": 100.0, "percent_covered_display": "100", "missing_lines": 0, "excluded_lines": 0, "percent_statements_covered": 100.0, "percent_statements_covered_display": "100"}, "missing_lines": [], "excluded_lines": [], "start_line": 53}, "apply_photo_background": {"executed_lines": [], "summary": {"covered_lines": 0, "num_statements": 15, "percent_covered": 0.0, "percent_covered_display": "0", "missing_lines": 15, "excluded_lines": 0, "percent_statements_covered": 0.0, "percent_statements_covered_display": "0"}, "missing_lines": [61, 63, 64, 66, 68, 69, 70, 71, 72, 73, 75, 76, 78, 79, 80], "excluded_lines": [], "start_line": 59}, "_find_font": {"executed_lines": [], "summary": {"covered_lines": 0, "num_statements": 4, "percent_covered": 0.0, "percent_covered_display": "0", "missing_lines": 4, "excluded_lines": 0, "percent_statements_covered": 0.0, "percent_statements_covered_display": "0"}, "missing_lines": [84, 85, 86, 87], "excluded_lines": [], "start_line": 83}, "_load_font": {"executed_lines": [], "summary": {"covered_lines": 0, "num_statements": 4, "percent_covered": 0.0, "percent_covered_display": "0", "missing_lines": 4, "excluded_lines": 0, "percent_statements_covered": 0.0, "percent_statements_covered_display": "0"}, "missing_lines": [91, 92, 93, 94], "excluded_lines": [], "start_line": 90}, "_load_font_bold": {"executed_lines": [], "summary": {"covered_lines": 0, "num_statements": 7, "percent_covered": 0.0, "percent_covered_display": "0", "missing_lines": 7, "excluded_lines": 0, "percent_statements_covered": 0.0, "percent_statements_covered_display": "0"}, "missing_lines": [99, 100, 101, 103, 104, 105, 106], "excluded_lines": [], "start_line": 97}, "generate_label": {"executed_lines": [], "summary": {"covered_lines": 0, "num_statements": 37, "percent_covered": 0.0, "percent_covered_display": "0", "missing_lines": 37, "excluded_lines": 0, "percent_statements_covered": 0.0, "percent_statements_covered_display": "0"}, "missing_lines": [111, 112, 113, 114, 115, 117, 119, 120, 123, 124, 125, 127, 128, 129, 131, 132, 133, 134, 135, 137, 138, 139, 140, 142, 143, 144, 145, 147, 148, 149, 150, 151, 152, 154, 155, 156, 157], "excluded_lines": [], "start_line": 109}, "generate_back_label": {"executed_lines": [], "summary": {"covered_lines": 0, "num_statements": 21, "percent_covered": 0.0, "percent_covered_display": "0", "missing_lines": 21, "excluded_lines": 0, "percent_statements_covered": 0.0, "percent_statements_covered_display": "0"}, "missing_lines": [162, 163, 165, 166, 169, 170, 171, 172, 173, 174, 175, 178, 179, 180, 181, 182, 183, 185, 186, 187, 188], "excluded_lines": [], "start_line": 160}, "generate_sheets": {"executed_lines": [], "summary": {"covered_lines": 0, "num_statements": 26, "percent_covered": 0.0, "percent_covered_display": "0", "missing_lines": 26, "excluded_lines": 0, "percent_statements_covered": 0.0, "percent_statements_covered_display": "0"}, "missing_lines": [193, 194, 196, 197, 198, 200, 201, 202, 204, 205, 208, 209, 210, 211, 214, 215, 216, 217, 220, 221, 224, 225, 226, 227, 229, 235], "excluded_lines": [], "start_line": 191}, "generate_zip": {"executed_lines": [], "summary": {"covered_lines": 0, "num_statements": 29, "percent_covered": 0.0, "percent_covered_display": "0", "missing_lines": 29, "excluded_lines": 0, "percent_statements_covered": 0.0, "percent_statements_covered_display": "0"}, "missing_lines": [240, 241, 243, 244, 245, 247, 248, 249, 251, 252, 253, 255, 256, 258, 259, 260, 261, 263, 264, 265, 266, 268, 269, 270, 273, 274, 275, 277, 278], "excluded_lines": [], "start_line": 238}, "": {"executed_lines": [1, 2, 3, 4, 5, 6, 7, 10, 11, 13, 15, 16, 17, 18, 19, 21, 27, 28, 31, 32, 34, 35, 36, 39, 46, 53, 59, 83, 90, 97, 109, 160, 191, 238], "summary": {"covered_lines": 34, "num_statements": 34, "percent_covered": 100.0, "percent_covered_display": "100", "missing_lines": 0, "excluded_lines": 0, "percent_statements_covered": 100.0, "percent_statements_covered_display": "100"}, "missing_lines": [], "excluded_lines": [], "start_line": 1}}, "classes": {"": {"executed_lines": [1, 2, 3, 4, 5, 6, 7, 10, 11, 13, 15, 16, 17, 18, 19, 21, 27, 28, 31, 32, 34, 35, 36, 39, 46, 53, 55, 56, 59, 83, 90, 97, 109, 160, 191, 238], "summary": {"covered_lines": 36, "num_statements": 179, "percent_covered": 20.11173184357542, "percent_covered_display": "20", "missing_lines": 143, "excluded_lines": 0, "percent_statements_covered": 20.11173184357542, "percent_statements_covered_display": "20"}, "missing_lines": [61, 63, 64, 66, 68, 69, 70, 71, 72, 73, 75, 76, 78, 79, 80, 84, 85, 86, 87, 91, 92, 93, 94, 99, 100, 101, 103, 104, 105, 106, 111, 112, 113, 114, 115, 117, 119, 120, 123, 124, 125, 127, 128, 129, 131, 132, 133, 134, 135, 137, 138, 139, 140, 142, 143, 144, 145, 147, 148, 149, 150, 151, 152, 154, 155, 156, 157, 162, 163, 165, 166, 169, 170, 171, 172, 173, 174, 175, 178, 179, 180, 181, 182, 183, 185, 186, 187, 188, 193, 194, 196, 197, 198, 200, 201, 202, 204, 205, 208, 209, 210, 211, 214, 215, 216, 217, 220, 221, 224, 225, 226, 227, 229, 235, 240, 241, 243, 244, 245, 247, 248, 249, 251, 252, 253, 255, 256, 258, 259, 260, 261, 263, 264, 265, 266, 268, 269, 270, 273, 274, 275, 277, 278], "excluded_lines": [], "start_line": 1}}}, "app01/jiami.py": {"executed_lines": [1, 3, 4, 5, 6, 7], "summary": {"covered_lines": 6, "num_statements": 6, "percent_covered": 100.0, "percent_covered_display": "100", "missing_lines": 0, "excluded_lines": 0, "percent_statements_covered": 100.0, "percent_statements_covered_display": "100"}, "missing_lines": [], "excluded_lines": [], "functions": {"md5": {"executed_lines": [4, 5, 6, 7], "summary": {"covered_lines": 4, "num_statements": 4, "percent_covered": 100.0, "percent_covered_display": "100", "missing_lines": 0, "excluded_lines": 0, "percent_statements_covered": 100.0, "percent_statements_covered_display": "100"}, "missing_lines": [], "excluded_lines": [], "start_line": 3}, "": {"executed_lines": [1, 3], "summary": {"covered_lines": 2, "num_statements": 2, "percent_covered": 100.0, "percent_covered_display": "100", "missing_lines": 0, "excluded_lines": 0, "percent_statements_covered": 100.0, "percent_statements_covered_display": "100"}, "missing_lines": [], "excluded_lines": [], "start_line": 1}}, "classes": {"": {"executed_lines": [1, 3, 4, 5, 6, 7], "summary": {"covered_lines": 6, "num_statements": 6, "percent_covered": 100.0, "percent_covered_display": "100", "missing_lines": 0, "excluded_lines": 0, "percent_statements_covered": 100.0, "percent_statements_covered_display": "100"}, "missing_lines": [], "excluded_lines": [], "start_line": 1}}}, "app01/login.py": {"executed_lines": [2, 3, 4, 5, 6, 7, 9, 10, 11, 15, 16, 17, 18, 19, 20, 22, 25, 26, 27, 28, 29, 30, 31, 32, 34, 39, 42, 43, 45, 46, 47, 48, 49, 56, 62, 65, 68], "summary": {"covered_lines": 37, "num_statements": 48, "percent_covered": 77.08333333333333, "percent_covered_display": "77", "missing_lines": 11, "excluded_lines": 0, "percent_statements_covered": 77.08333333333333, "percent_statements_covered_display": "77"}, "missing_lines": [57, 58, 63, 66, 71, 75, 76, 78, 79, 80, 81], "excluded_lines": [], "functions": {"login": {"executed_lines": [17, 18, 19, 20, 22, 25, 26, 27, 28, 29, 30, 31, 32, 34, 39, 42, 43, 45, 46, 47, 48, 49, 56, 62, 65], "summary": {"covered_lines": 25, "num_statements": 29, "percent_covered": 86.2068965
[...]
cent_statements_covered_display": "33"}, "missing_lines": [87, 88, 90, 91, 93, 94, 95, 101, 102, 104, 105, 108, 110, 111, 112, 114, 115, 116, 117, 119, 121, 123, 127, 128, 131, 138, 145, 147, 148, 149, 150, 153, 154, 155, 158, 159, 161, 162, 164, 165, 169, 170, 171, 174, 185, 195, 197, 202, 203, 400, 401, 403, 404, 405, 407, 408, 409, 411, 412, 413, 415, 416, 417, 418, 419, 420, 421, 422, 424, 426, 427, 429, 430, 431, 432, 434, 436, 437, 438, 439, 441, 442, 444, 445, 447, 448, 450, 455, 456, 458, 459, 460, 461, 462, 464, 465, 466, 467, 470, 471, 472, 474, 475, 476, 477, 478, 479, 481, 482, 483, 485, 496, 497, 498, 499, 504, 505, 506, 507, 508, 510, 511, 512, 513, 516, 518, 522, 523, 524, 529, 530, 531, 532, 533, 534, 535, 539, 540, 541, 542, 543, 544, 545, 546, 547, 548, 549, 550, 551, 552, 564, 565, 566, 567, 568, 569, 573, 574, 575, 576, 581, 582, 584, 585, 586, 588, 590, 594, 595, 601, 607, 608, 609, 610, 615, 617, 618, 619], "excluded_lines": [], "start_line": 1}}}, "app01/views/staff.py": {"executed_lines": [1, 2, 3, 4, 5, 6, 7, 8, 9, 10, 11, 12, 13, 14, 15, 16, 17, 18, 19, 20, 21, 22, 23, 24, 25, 26, 27, 28, 29, 30, 31, 32, 33, 34, 35, 36, 37, 38, 39, 40, 41, 42, 43, 44, 45, 46, 47, 48, 49, 51, 52, 53, 54, 57, 58, 59, 61, 62, 63, 64, 65, 66, 67, 68, 69, 71, 72, 73, 74, 77, 78, 79, 80, 81, 82, 83, 85, 99, 128, 129, 162, 163, 170, 171, 201, 202, 203, 204, 207, 210, 211, 229, 230, 242, 243, 256, 257, 271, 272, 279, 280, 301, 302, 312, 313, 322, 323, 335, 336, 349, 350, 361, 362, 377, 378, 385, 386, 404, 405, 432, 433], "summary": {"covered_lines": 121, "num_statements": 282, "percent_covered": 42.90780141843972, "percent_covered_display": "43", "missing_lines": 161, "excluded_lines": 0, "percent_statements_covered": 42.90780141843972, "percent_statements_covered_display": "43"}, "missing_lines": [86, 87, 88, 96, 100, 102, 105, 110, 112, 115, 117, 119, 120, 121, 123, 125, 131, 132, 133, 134, 135, 136, 138, 139, 140, 141, 145, 148, 149, 152, 153, 155, 157, 159, 165, 166, 167, 172, 173, 174, 175, 177, 179, 181, 187, 189, 191, 192, 193, 194, 213, 214, 215, 216, 217, 218, 219, 220, 232, 233, 234, 235, 236, 237, 238, 239, 245, 246, 247, 248, 249, 250, 251, 252, 253, 259, 260, 262, 263, 264, 274, 275, 276, 282, 283, 284, 285, 289, 290, 291, 292, 293, 294, 295, 304, 305, 306, 307, 315, 316, 325, 326, 327, 328, 329, 330, 331, 332, 338, 339, 340, 341, 342, 343, 344, 345, 346, 352, 353, 354, 364, 365, 366, 367, 368, 369, 371, 372, 380, 381, 382, 388, 389, 390, 391, 392, 393, 394, 395, 396, 398, 399, 407, 408, 409, 410, 412, 413, 415, 416, 417, 419, 421, 422, 424, 435, 436, 437, 438, 439, 440], "excluded_lines": [], "functions": {"StaffListView.get_context_data": {"executed_lines": [], "summary": {"covered_lines": 0, "num_statements": 4, "percent_covered": 0.0, "percent_covered_display": "0", "missing_lines": 4, "excluded_lines": 0, "percent_statements_covered": 0.0, "percent_statements_covered_display": "0"}, "missing_lines": [86, 87, 88, 96], "excluded_lines": [], "start_line": 85}, "staff_list": {"executed_lines": [], "summary": {"covered_lines": 0, "num_statements": 8, "percent_covered": 0.0, "percent_covered_display": "0", "missing_lines": 8, "excluded_lines": 0, "percent_statements_covered": 0.0, "percent_statements_covered_display": "0"}, "missing_lines": [213, 214, 215, 216, 217, 218, 219, 220], "excluded_lines": [], "start_line": 211}, "admin_add": {"executed_lines": [], "summary": {"covered_lines": 0, "num_statements": 18, "percent_covered": 0.0, "percent_covered_display": "0", "missing_lines": 18, "excluded_lines": 0, "percent_statements_covered": 0.0, "percent_statements_covered_display": "0"}, "missing_lines": [131, 132, 133, 134, 135, 136, 138, 139, 140, 141, 145, 148, 149, 152, 153, 155, 157, 159], "excluded_lines": [], "start_line": 129}, "admin_delete": {"executed_lines": [], "summary": {"covered_lines": 0, "num_statements": 3, "percent_covered": 0.0, "percent_covered_display": "0", "missing_lines": 3, "excluded_lines": 0, "percent_statements_covered": 0.0, "percent_statements_covered_display": "0"}, "missing_lines": [165, 166, 167], "excluded_lines": [], "start_line": 163}, "admin_edit": {"executed_lines": [], "summary": {"covered_lines": 0, "num_statements": 13, "percent_covered": 0.0, "percent_covered_display": "0", "missing_lines": 13, "excluded_lines": 0, "percent_statements_covered": 0.0, "percent_statements_covered_display": "0"}, "missing_lines": [172, 173, 174, 175, 177, 179, 181, 187, 189, 191, 192, 193, 194], "excluded_lines": [], "start_line": 171}, "staff_add": {"executed_lines": [], "summary": {"covered_lines": 0, "num_statements": 8, "percent_covered": 0.0, "percent_covered_display": "0", "missing_lines": 8, "excluded_lines": 0, "percent_statements_covered": 0.0, "percent_statements_covered_display": "0"}, "missing_lines": [232, 233, 234, 235, 236, 237, 238, 239], "excluded_lines": [], "start_line": 230}, "staff_edit_v2": {"executed_lines": [], "summary": {"covered_lines": 0, "num_statements": 9, "percent_covered": 0.0, "percent_covered_display": "0", "missing_lines": 9, "excluded_lines": 0, "percent_statements_covered": 0.0, "percent_statements_covered_display": "0"}, "missing_lines": [245, 246, 247, 248, 249, 250, 251, 252, 253], "excluded_lines": [], "start_line": 243}, "staff_detail": {"executed_lines": [], "summary": {"covered_lines": 0, "num_statements": 5, "percent_covered": 0.0, "percent_covered_display": "0", "missing_lines": 5, "excluded_lines": 0, "percent_statements_covered": 0.0, "percent_statements_covered_display": "0"}, "missing_lines": [259, 260, 262, 263, 264], "excluded_lines": [], "start_line": 257}, "staff_delete_v2": {"executed_lines": [], "summary": {"covered_lines": 0, "num_statements": 3, "percent_covered": 0.0, "percent_covered_display": "0", "missing_lines": 3, "excluded_lines": 0, "percent_statements_covered": 0.0, "percent_statements_covered_display": "0"}, "missing_lines": [274, 275, 276], "excluded_lines": [], "start_line": 272}, "staff_cert_add": {"executed_lines": [], "summary": {"covered_lines": 0, "num_statements": 11, "percent_covered": 0.0, "percent_covered_display": "0", "missing_lines": 11, "excluded_lines": 0, "percent_statements_covered": 0.0, "percent_statements_covered_display": "0"}, "missing_lines": [282, 283, 284, 285, 289, 290, 291, 292, 293, 294, 295], "excluded_lines": [], "start_line": 280}, "staff_cert_delete": {"executed_lines": [], "summary": {"covered_lines": 0, "num_statements": 4, "percent_covered": 0.0, "percent_covered_display": "0", "missing_lines": 4, "excluded_lines": 0, "percent_statements_covered": 0.0, "percent_statements_covered_display": "0"}, "missing_lines": [304, 305, 306, 307], "excluded_lines": [], "start_line": 302}, "cert_type_list": {"executed_lines": [], "summary": {"covered_lines": 0, "num_statements": 2, "percent_covered": 0.0, "percent_covered_display": "0", "missing_lines": 2, "excluded_lines": 0, "percent_statements_covered": 0.0, "percent_statements_covered_display": "0"}, "missing_lines": [315, 316], "excluded_lines": [], "start_line": 313}, "cert_type_add": {"executed_lines": [], "summary": {"covered_lines": 0, "num_statements": 8, "percent_covered": 0.0, "percent_covered_display": "0", "missing_lines": 8, "excluded_lines": 0, "percent_statements_covered": 0.0, "percent_statements_covered_display": "0"}, "missing_lines": [325, 326, 327, 328, 329, 330, 331, 332], "excluded_lines": [], "start_line": 323}, "cert_type_edit": {"executed_lines": [], "summary": {"covered_lines": 0, "num_statements": 9, "percent_covered": 0.0, "percent_covered_display": "0", "missing_lines": 9, "excluded_lines": 0, "percent_statements_covered": 0.0, "percent_statements_covered_display": "0"}, "missing_lines": [338, 339, 340, 341, 342, 343, 344, 345, 346], "excluded_lines": [], "start_line": 336}, "cert_type_delete": {"executed_lines": [], "summary": {"covered_lines": 0, "num_statements": 3, "percent_covered": 0.0, "percent_covered_display": "0", "missing_lines": 3, "excluded_lines": 0, "percent_statements_covered": 0.0, "percent_statements_covered_display": "0"}, "missing_lines": [352, 353, 354], "excluded_lines": [], "start_line": 350}, "staff_edit": {"executed_lines": [], "summary": {"covered_lines": 0, "num_statements": 8, "percent_covered": 0.0, "percent_covered_display": "0", "missing_lines": 8, "excluded_lines": 0, "percent_statements_covered": 0.0, "percent_statements_covered_display": "0"}, "missing_lines": [364, 365, 366, 367, 368, 369, 371, 372], "excluded_lines": [], "start_line": 362}, "staff_delete": {"executed_lines": [], "summary": {"covered_lines": 0, "num_statements": 3, "percent_covered": 0.0, "percent_covered_display": "0", "missing_lines": 3, "excluded_lines": 0, "percent_statements_covered": 0.0, "percent_statements_covered_display": "0"}, "missing_lines": [380, 381, 382], "excluded_lines": [], "start_line": 378}, "staff_cert_file_add": {"executed_lines": [], "summary": {"covered_lines": 0, "num_statements": 11, "percent_covered": 0.0, "percent_covered_display": "0", "missing_lines": 11, "excluded_lines": 0, "percent_statements_covered": 0.0, "percent_statements_covered_display": "0"}, "missing_lines": [388, 389, 390, 391, 392, 393, 394, 395, 396, 398, 399], "excluded_lines": [], "start_line": 386}, "staff_cert_list": {"executed_lines": [], "summary": {"covered_lines": 0, "num_statements": 13, "percent_covered": 0.0, "percent_covered_display": "0", "missing_lines": 13, "excluded_lines": 0, "percent_statements_covered": 0.0, "percent_statements_covered_display": "0"}, "missing_lines": [407, 408, 409, 410, 412, 413, 415, 416, 417, 419, 421, 422, 424], "excluded_lines": [], "start_line": 405}, "staff_cert_export_zip": {"executed_lines": [], "summary": {"covered_lines": 0, "num_statements": 6, "percent_covered": 0.0, "percent_covered_display": "0", "missing_lines": 6, "excluded_lines": 0, "percent_statements_covered": 0.0, "percent_statements_covered_display": "0"}, "missing_lines": [435, 436, 437, 438, 439, 440], "excluded_lines": [], "start_line": 433}, "": {"executed_lines": [1, 2, 3, 4, 5, 6, 7, 8, 9, 10, 11, 12, 13, 14, 15, 16, 17, 18, 19, 20, 21, 22, 23, 24, 25, 26, 27, 28, 29, 30, 31, 32, 33, 34, 35, 36, 37, 38, 39, 40, 41, 42, 43, 44, 45, 46, 47, 48, 49, 51, 52, 53, 54, 57, 58, 59, 61, 62, 63, 64, 65, 66, 67, 68, 69, 71, 72, 73, 74, 77, 78, 79, 80, 81, 82, 83, 85, 99, 128, 129, 162, 163, 170, 171, 201, 202, 203, 204, 207, 210, 211, 229, 230, 242, 243, 256, 257, 271, 272, 279, 280, 301, 302, 312, 313, 322, 323, 335, 336, 349, 350, 361, 362, 377, 378, 385, 386, 404, 405, 432, 433], "summary": {"covered_lines": 121, "num_statements": 121, "percent_covered": 100.0, "percent_covered_display": "100", "missing_lines": 0, "excluded_lines": 0, "percent_statements_covered": 100.0, "percent_statements_covered_display": "100"}, "missing_lines": [], "excluded_lines": [], "start_line": 1}}, "classes": {"StaffListView": {"executed_lines": [], "summary": {"covered_lines": 0, "num_statements": 4, "percent_covered": 0.0, "percent_covered_display": "0", "missing_lines": 4, "excluded_lines": 0, "percent_statements_covered": 0.0, "percent_statements_covered_display": "0"}, "missing_lines": [86, 87, 88, 96], "excluded_lines": [], "start_line": 77}, "": {"executed_lines": [1, 2, 3, 4, 5, 6, 7, 8, 9, 10, 11, 12, 13, 14, 15, 16, 17, 18, 19, 20, 21, 22, 23, 24, 25, 26, 27, 28, 29, 30, 31, 32, 33, 34, 35, 36, 37, 38, 39, 40, 41, 42, 43, 44, 45, 46, 47, 48, 49, 51, 52, 53, 54, 57, 58, 59, 61, 62, 63, 64, 65, 66, 67, 68, 69, 71, 72, 73, 74, 77, 78, 79, 80, 81, 82, 83, 85, 99, 128, 129, 162, 163, 170, 171, 201, 202, 203, 204, 207, 210, 211, 229, 230, 242, 243, 256, 257, 271, 272, 279, 280, 301, 302, 312, 313, 322, 323, 335, 336, 349, 350, 361, 362, 377, 378, 385, 386, 404, 405, 432, 433], "summary": {"covered_lines": 121, "num_statements": 278, "percent_covered": 43.52517985611511, "percent_covered_display": "44", "missing_lines": 157, "excluded_lines": 0, "percent_statements_covered": 43.52517985611511, "percent_statements_covered_display": "44"}, "missing_lines": [100, 102, 105, 110, 112, 115, 117, 119, 120, 121, 123, 125, 131, 132, 133, 134, 135, 136, 138, 139, 140, 141, 145, 148, 149, 152, 153, 155, 157, 159, 165, 166, 167, 172, 173, 174, 175, 177, 179, 181, 187, 189, 191, 192, 193, 194, 213, 214, 215, 216, 217, 218, 219, 220, 232, 233, 234, 235, 236, 237, 238, 239, 245, 246, 247, 248, 249, 250, 251, 252, 253, 259, 260, 262, 263, 264, 274, 275, 276, 282, 283, 284, 285, 289, 290, 291, 292, 293, 294, 295, 304, 305, 306, 307, 315, 316, 325, 326, 327, 328, 329, 330, 331, 332, 338, 339, 340, 341, 342, 343, 344, 345, 346, 352, 353, 354, 364, 365, 366, 367, 368, 369, 371, 372, 380, 381, 382, 388, 389, 390, 391, 392, 393, 394, 395, 396, 398, 399, 407, 408, 409, 410, 412, 413, 415, 416, 417, 419, 421, 422, 424, 435, 436, 437, 438, 439, 440], "excluded_lines": [], "start_line": 1}}}, "app01/views/upload.py": {"executed_lines": [1, 2, 3, 4, 5, 6, 7, 8, 9, 10, 11, 12, 13, 14, 15, 16, 17, 18, 19, 20, 21, 22, 23, 24, 25, 26, 27, 28, 29, 30, 31, 32, 33, 34, 35, 36, 37, 38, 39, 40, 41, 42, 43, 44, 45, 47, 48, 51, 53, 54, 55, 56, 57, 61], "summary": {"covered_lines": 54, "num_statements": 71, "percent_covered": 76.05633802816901, "percent_covered_display": "76", "missing_lines": 17, "excluded_lines": 0, "percent_statements_covered": 76.05633802816901, "percent_statements_covered_display": "76"}, "missing_lines": [63, 64, 66, 67, 68, 69, 71, 72, 74, 75, 76, 77, 78, 81, 82, 83, 85], "excluded_lines": [], "functions": {"upload_model": {"executed_lines": [], "summary": {"covered_lines": 0, "num_statements": 17, "percent_covered": 0.0, "percent_covered_display": "0", "missing_lines": 17, "excluded_lines": 0, "percent_statements_covered": 0.0, "percent_statements_covered_display": "0"}, "missing_lines": [63, 64, 66, 67, 68, 69, 71, 72, 74, 75, 76, 77, 78, 81, 82, 83, 85], "excluded_lines": [], "start_line": 61}, "": {"executed_lines": [1, 2, 3, 4, 5, 6, 7, 8, 9, 10, 11, 12, 13, 14, 15, 16, 17, 18, 19, 20, 21, 22, 23, 24, 25, 26, 27, 28, 29, 30, 31, 32, 33, 34, 35, 36, 37, 38, 39, 40, 41, 42, 43, 44, 45, 47, 48, 51, 53, 54, 55, 56, 57, 61], "summary": {"covered_lines": 54, "num_statements": 54, "percent_covered": 100.0, "percent_covered_display": "100", "missing_lines": 0, "excluded_lines": 0, "percent_statements_covered": 100.0, "percent_statements_covered_display": "100"}, "missing_lines": [], "excluded_lines": [], "start_line": 1}}, "classes": {"": {"executed_lines": [1, 2, 3, 4, 5, 6, 7, 8, 9, 10, 11, 12, 13, 14, 15, 16, 17, 18, 19, 20, 21, 22, 23, 24, 25, 26, 27, 28, 29, 30, 31, 32, 33, 34, 35, 36, 37, 38, 39, 40, 41, 42, 43, 44, 45, 47, 48, 51, 53, 54, 55, 56, 57, 61], "summary": {"covered_lines": 54, "num_statements": 71, "percent_covered": 76.05633802816901, "percent_covered_display": "76", "missing_lines": 17, "excluded_lines": 0, "percent_statements_covered": 76.05633802816901, "percent_statements_covered_display": "76"}, "missing_lines": [63, 64, 66, 67, 68, 69, 71, 72, 74, 75, 76, 77, 78, 81, 82, 83, 85], "excluded_lines": [], "start_line": 1}}}, "app01/views/weighing.py": {"executed_lines": [1, 2, 3, 4, 5, 6, 7, 8, 9, 10, 11, 12, 13, 14, 15, 16, 17, 18, 19, 20, 21, 22, 23, 24, 25, 26, 27, 28, 29, 30, 31, 32, 33, 34, 35, 36, 37, 38, 39, 40, 41, 42, 43, 44, 45, 47, 48, 51, 53, 54, 55, 56, 57, 64, 88, 89, 95], "summary": {"covered_lines": 57, "num_statements": 78, "percent_covered": 73.07692307692308, "percent_covered_display": "73", "missing_lines": 21, "excluded_lines": 0, "percent_statements_covered": 73.07692307692308, "percent_statements_covered_display": "73"}, "missing_lines": [65, 66, 68, 70, 72, 73, 76, 78, 82, 83, 85, 90, 91, 92, 96, 97, 98, 101, 102, 106, 108], "excluded_lines": [], "functions": {"weighingrecord_add": {"executed_lines": [], "summary": {"covered_lines": 0, "num_statements": 11, "percent_covered": 0.0, "percent_covered_display": "0", "missing_lines": 11, "excluded_lines": 0, "percent_statements_covered": 0.0, "percent_statements_covered_display": "0"}, "missing_lines": [65, 66, 68, 70, 72, 73, 76, 78, 82, 83, 85], "excluded_lines": [], "start_line": 64}, "weighingrecord_delete": {"executed_lines": [], "summary": {"covered_lines": 0, "num_statements": 3, "percent_covered": 0.0, "percent_covered_display": "0", "missing_lines": 3, "excluded_lines": 0, "percent_statements_covered": 0.0, "percent_statements_covered_display": "0"}, "missing_lines": [90, 91, 92], "excluded_lines": [], "start_line": 89}, "weighingrecord_list": {"executed_lines": [], "summary": {"covered_lines": 0, "num_statements": 7, "percent_covered": 0.0, "percent_covered_display": "0", "missing_lines": 7, "excluded_lines": 0, "percent_statements_covered": 0.0, "percent_statements_covered_display": "0"}, "missing_lines": [96, 97, 98, 101, 102, 106, 108], "excluded_lines": [], "start_line": 95}, "": {"executed_lines": [1, 2, 3, 4, 5, 6, 7, 8, 9, 10, 11, 12, 13, 14, 15, 16, 17, 18, 19, 20, 21, 22, 23, 24, 25, 26, 27, 28, 29, 30, 31, 32, 33, 34, 35, 36, 37, 38, 39, 40, 41, 42, 43, 44, 45, 47, 48, 51, 53, 54, 55, 56, 57, 64, 88, 89, 95], "summary": {"covered_lines": 57, "num_statements": 57, "percent_covered": 100.0, "percent_covered_display": "100", "missing_lines": 0, "excluded_lines": 0, "percent_statements_covered": 100.0, "percent_statements_covered_display": "100"}, "missing_lines": [], "excluded_lines": [], "start_line": 1}}, "classes": {"": {"executed_lines": [1, 2, 3, 4, 5, 6, 7, 8, 9, 10, 11, 12, 13, 14, 15, 16, 17, 18, 19, 20, 21, 22, 23, 24, 25, 26, 27, 28, 29, 30, 31, 32, 33, 34, 35, 36, 37, 38, 39, 40, 41, 42, 43, 44, 45, 47, 48, 51, 53, 54, 55, 56, 57, 64, 88, 89, 95], "summary": {"covered_lines": 57, "num_statements": 78, "percent_covered": 73.07692307692308, "percent_covered_display": "73", "missing_lines": 21, "excluded_lines": 0, "percent_statements_covered": 73.07692307692308, "percent_statements_covered_display": "73"}, "missing_lines": [65, 66, 68, 70, 72, 73, 76, 78, 82, 83, 85, 90, 91, 92, 96, 97, 98, 101, 102, 106, 108], "excluded_lines": [], "start_line": 1}}}, "app01/\u6570\u636e\u5e93\u8bfb\u5199.py": {"executed_lines": [], "summary": {"covered_lines": 0, "num_statements": 27, "percent_covered": 0.0, "percent_covered_display": "0", "missing_lines": 27, "excluded_lines": 0, "percent_statements_covered": 0.0, "percent_statements_covered_display": "0"}, "missing_lines": [3, 4, 5, 6, 7, 8, 9, 10, 11, 12, 15, 18, 21, 84, 86, 87, 88, 91, 92, 106, 110, 115, 134, 135, 136, 141, 142], "excluded_lines": [], "functions": {"md5": {"executed_lines": [], "summary": {"covered_lines": 0, "num_statements": 4, "percent_covered": 0.0, "percent_covered_display": "0", "missing_lines": 4, "excluded_lines": 0, "percent_statements_covered": 0.0, "percent_statements_covered_display": "0"}, "missing_lines": [9, 10, 11, 12], "excluded_lines": [], "start_line": 8}, "": {"executed_lines": [], "summary": {"covered_lines": 0, "num_statements": 23, "percent_covered": 0.0, "percent_covered_display": "0", "missing_lines": 23, "excluded_lines": 0, "percent_statements_covered": 0.0, "percent_statements_covered_display": "0"}, "missing_lines": [3, 4, 5, 6, 7, 8, 15, 18, 21, 84, 86, 87, 88, 91, 92, 106, 110, 115, 134, 135, 136, 141, 142], "excluded_lines": [], "start_line": 1}}, "classes": {"": {"executed_lines": [], "summary": {"covered_lines": 0, "num_statements": 27, "percent_covered": 0.0, "percent_covered_display": "0", "missing_lines": 27, "excluded_lines": 0, "percent_statements_covered": 0.0, "percent_statements_covered_display": "0"}, "missing_lines": [3, 4, 5, 6, 7, 8, 9, 10, 11, 12, 15, 18, 21, 84, 86, 87, 88, 91, 92, 106, 110, 115, 134, 135, 136, 141, 142], "excluded_lines": [], "start_line": 1}}}}, "totals": {"covered_lines": 3203, "num_statements": 6919, "percent_covered": 46.292816881052175, "percent_covered_display": "46", "missing_lines": 3716, "excluded_lines": 0, "percent_statements_covered": 46.292816881052175, "percent_statements_covered_display": "46"}}